{"/Users/yassine/Code/train-web-app/src/App.tsx": {"path":"/Users/yassine/Code/train-web-app/src/App.tsx","all":true,"statementMap":{"0":{"start":{"line":1,"column":0},"end":{"line":1,"column":67}},"1":{"start":{"line":2,"column":0},"end":{"line":2,"column":29}},"3":{"start":{"line":4,"column":0},"end":{"line":4,"column":16}},"4":{"start":{"line":5,"column":0},"end":{"line":5,"column":10}},"5":{"start":{"line":6,"column":0},"end":{"line":6,"column":30}},"6":{"start":{"line":7,"column":0},"end":{"line":7,"column":20}},"7":{"start":{"line":8,"column":0},"end":{"line":8,"column":10}},"9":{"start":{"line":10,"column":0},"end":{"line":10,"column":1}},"11":{"start":{"line":12,"column":0},"end":{"line":12,"column":19}}},"s":{"0":0,"1":0,"3":0,"4":0,"5":0,"6":0,"7":0,"9":0,"11":0},"branchMap":{"0":{"type":"branch","line":1,"loc":{"start":{"line":1,"column":217},"end":{"line":12,"column":19}},"locations":[{"start":{"line":1,"column":217},"end":{"line":12,"column":19}}]}},"b":{"0":[0]},"fnMap":{"0":{"name":"(empty-report)","decl":{"start":{"line":1,"column":217},"end":{"line":12,"column":19}},"loc":{"start":{"line":1,"column":217},"end":{"line":12,"column":19}},"line":1}},"f":{"0":0}}
,"/Users/yassine/Code/train-web-app/src/main.tsx": {"path":"/Users/yassine/Code/train-web-app/src/main.tsx","all":true,"statementMap":{"0":{"start":{"line":1,"column":0},"end":{"line":1,"column":40}},"1":{"start":{"line":2,"column":0},"end":{"line":2,"column":45}},"2":{"start":{"line":3,"column":0},"end":{"line":3,"column":28}},"3":{"start":{"line":4,"column":0},"end":{"line":4,"column":27}},"5":{"start":{"line":6,"column":0},"end":{"line":6,"column":45}},"7":{"start":{"line":8,"column":0},"end":{"line":8,"column":34}},"8":{"start":{"line":9,"column":0},"end":{"line":9,"column":17}},"9":{"start":{"line":10,"column":0},"end":{"line":10,"column":11}},"10":{"start":{"line":11,"column":0},"end":{"line":11,"column":18}},"11":{"start":{"line":12,"column":0},"end":{"line":12,"column":2}}},"s":{"0":0,"1":0,"2":0,"3":0,"5":0,"7":0,"8":0,"9":0,"10":0,"11":0},"branchMap":{"0":{"type":"branch","line":1,"loc":{"start":{"line":1,"column":249},"end":{"line":12,"column":-190}},"locations":[{"start":{"line":1,"column":249},"end":{"line":12,"column":-190}}]}},"b":{"0":[0]},"fnMap":{"0":{"name":"(empty-report)","decl":{"start":{"line":1,"column":249},"end":{"line":12,"column":-190}},"loc":{"start":{"line":1,"column":249},"end":{"line":12,"column":-190}},"line":1}},"f":{"0":0}}
,"/Users/yassine/Code/train-web-app/src/common/components/ContentView.tsx": {"path":"/Users/yassine/Code/train-web-app/src/common/components/ContentView.tsx","all":false,"statementMap":{"1":{"start":{"line":2,"column":0},"end":{"line":2,"column":38}},"7":{"start":{"line":8,"column":0},"end":{"line":8,"column":67}},"8":{"start":{"line":9,"column":0},"end":{"line":9,"column":10}},"9":{"start":{"line":10,"column":0},"end":{"line":10,"column":34}},"10":{"start":{"line":11,"column":0},"end":{"line":11,"column":16}},"11":{"start":{"line":12,"column":0},"end":{"line":12,"column":10}},"13":{"start":{"line":14,"column":0},"end":{"line":14,"column":2}},"15":{"start":{"line":16,"column":0},"end":{"line":16,"column":27}}},"s":{"1":1,"7":1,"8":1,"9":1,"10":1,"11":1,"13":1,"15":1},"branchMap":{"0":{"type":"branch","line":8,"loc":{"start":{"line":8,"column":48},"end":{"line":14,"column":2}},"locations":[{"start":{"line":8,"column":48},"end":{"line":14,"column":2}}]}},"b":{"0":[1]},"fnMap":{"0":{"name":"ContentView","decl":{"start":{"line":8,"column":48},"end":{"line":14,"column":2}},"loc":{"start":{"line":8,"column":48},"end":{"line":14,"column":2}},"line":8}},"f":{"0":1}}
,"/Users/yassine/Code/train-web-app/src/common/components/Sidebar.tsx": {"path":"/Users/yassine/Code/train-web-app/src/common/components/Sidebar.tsx","all":false,"statementMap":{"0":{"start":{"line":1,"column":0},"end":{"line":1,"column":59}},"1":{"start":{"line":2,"column":0},"end":{"line":2,"column":30}},"2":{"start":{"line":3,"column":0},"end":{"line":3,"column":47}},"3":{"start":{"line":4,"column":0},"end":{"line":4,"column":57}},"4":{"start":{"line":5,"column":0},"end":{"line":5,"column":47}},"5":{"start":{"line":6,"column":0},"end":{"line":6,"column":64}},"7":{"start":{"line":8,"column":0},"end":{"line":8,"column":59}},"24":{"start":{"line":25,"column":0},"end":{"line":25,"column":43}},"25":{"start":{"line":26,"column":0},"end":{"line":26,"column":8}},"26":{"start":{"line":27,"column":0},"end":{"line":27,"column":19}},"27":{"start":{"line":28,"column":0},"end":{"line":28,"column":13}},"28":{"start":{"line":29,"column":0},"end":{"line":29,"column":7}},"29":{"start":{"line":30,"column":0},"end":{"line":30,"column":33}},"30":{"start":{"line":31,"column":0},"end":{"line":31,"column":102}},"31":{"start":{"line":32,"column":0},"end":{"line":32,"column":50}},"32":{"start":{"line":33,"column":0},"end":{"line":33,"column":52}},"33":{"start":{"line":34,"column":0},"end":{"line":34,"column":50}},"35":{"start":{"line":36,"column":0},"end":{"line":36,"column":19}},"36":{"start":{"line":37,"column":0},"end":{"line":37,"column":55}},"37":{"start":{"line":38,"column":0},"end":{"line":38,"column":85}},"38":{"start":{"line":39,"column":0},"end":{"line":39,"column":27}},"39":{"start":{"line":40,"column":0},"end":{"line":40,"column":7}},"40":{"start":{"line":41,"column":0},"end":{"line":41,"column":6}},"42":{"start":{"line":43,"column":0},"end":{"line":43,"column":19}},"43":{"start":{"line":44,"column":0},"end":{"line":44,"column":65}},"44":{"start":{"line":45,"column":0},"end":{"line":45,"column":5}},"46":{"start":{"line":47,"column":0},"end":{"line":47,"column":18}},"47":{"start":{"line":48,"column":0},"end":{"line":48,"column":68}},"48":{"start":{"line":49,"column":0},"end":{"line":49,"column":6}},"49":{"start":{"line":50,"column":0},"end":{"line":50,"column":17}},"51":{"start":{"line":52,"column":0},"end":{"line":52,"column":45}},"52":{"start":{"line":53,"column":0},"end":{"line":53,"column":24}},"53":{"start":{"line":54,"column":0},"end":{"line":54,"column":23}},"55":{"start":{"line":56,"column":0},"end":{"line":56,"column":35}},"56":{"start":{"line":57,"column":0},"end":{"line":57,"column":25}},"57":{"start":{"line":58,"column":0},"end":{"line":58,"column":5}},"58":{"start":{"line":59,"column":0},"end":{"line":59,"column":4}},"60":{"start":{"line":61,"column":0},"end":{"line":61,"column":31}},"61":{"start":{"line":62,"column":0},"end":{"line":62,"column":27}},"62":{"start":{"line":63,"column":0},"end":{"line":63,"column":4}},"64":{"start":{"line":65,"column":0},"end":{"line":65,"column":37}},"65":{"start":{"line":66,"column":0},"end":{"line":66,"column":42}},"66":{"start":{"line":67,"column":0},"end":{"line":67,"column":43}},"67":{"start":{"line":68,"column":0},"end":{"line":68,"column":56}},"68":{"start":{"line":69,"column":0},"end":{"line":69,"column":6}},"69":{"start":{"line":70,"column":0},"end":{"line":70,"column":9}},"70":{"start":{"line":71,"column":0},"end":{"line":71,"column":25}},"71":{"start":{"line":72,"column":0},"end":{"line":72,"column":46}},"72":{"start":{"line":73,"column":0},"end":{"line":73,"column":45}},"73":{"start":{"line":74,"column":0},"end":{"line":74,"column":25}},"74":{"start":{"line":75,"column":0},"end":{"line":75,"column":19}},"75":{"start":{"line":76,"column":0},"end":{"line":76,"column":44}},"76":{"start":{"line":77,"column":0},"end":{"line":77,"column":15}},"77":{"start":{"line":78,"column":0},"end":{"line":78,"column":26}},"78":{"start":{"line":79,"column":0},"end":{"line":79,"column":5}},"79":{"start":{"line":80,"column":0},"end":{"line":80,"column":4}},"81":{"start":{"line":82,"column":0},"end":{"line":82,"column":10}},"82":{"start":{"line":83,"column":0},"end":{"line":83,"column":6}},"83":{"start":{"line":84,"column":0},"end":{"line":84,"column":69}},"84":{"start":{"line":85,"column":0},"end":{"line":85,"column":25}},"85":{"start":{"line":86,"column":0},"end":{"line":86,"column":15}},"86":{"start":{"line":87,"column":0},"end":{"line":87,"column":89}},"87":{"start":{"line":88,"column":0},"end":{"line":88,"column":62}},"88":{"start":{"line":89,"column":0},"end":{"line":89,"column":45}},"89":{"start":{"line":90,"column":0},"end":{"line":90,"column":14}},"90":{"start":{"line":91,"column":0},"end":{"line":91,"column":38}},"91":{"start":{"line":92,"column":0},"end":{"line":92,"column":30}},"92":{"start":{"line":93,"column":0},"end":{"line":93,"column":16}},"93":{"start":{"line":94,"column":0},"end":{"line":94,"column":26}},"94":{"start":{"line":95,"column":0},"end":{"line":95,"column":79}},"95":{"start":{"line":96,"column":0},"end":{"line":96,"column":52}},"96":{"start":{"line":97,"column":0},"end":{"line":97,"column":31}},"98":{"start":{"line":99,"column":0},"end":{"line":99,"column":58}},"99":{"start":{"line":100,"column":0},"end":{"line":100,"column":60}},"100":{"start":{"line":101,"column":0},"end":{"line":101,"column":18}},"101":{"start":{"line":102,"column":0},"end":{"line":102,"column":13}},"102":{"start":{"line":103,"column":0},"end":{"line":103,"column":14}},"103":{"start":{"line":104,"column":0},"end":{"line":104,"column":82}},"104":{"start":{"line":105,"column":0},"end":{"line":105,"column":63}},"105":{"start":{"line":106,"column":0},"end":{"line":106,"column":88}},"106":{"start":{"line":107,"column":0},"end":{"line":107,"column":14}},"107":{"start":{"line":108,"column":0},"end":{"line":108,"column":64}},"108":{"start":{"line":109,"column":0},"end":{"line":109,"column":32}},"109":{"start":{"line":110,"column":0},"end":{"line":110,"column":14}},"110":{"start":{"line":111,"column":0},"end":{"line":111,"column":12}},"111":{"start":{"line":112,"column":0},"end":{"line":112,"column":7}},"113":{"start":{"line":114,"column":0},"end":{"line":114,"column":2}},"115":{"start":{"line":116,"column":0},"end":{"line":116,"column":23}}},"s":{"0":1,"1":1,"2":1,"3":1,"4":1,"5":1,"7":1,"24":1,"25":1,"26":1,"27":1,"28":1,"29":1,"30":1,"31":1,"32":1,"33":1,"35":1,"36":1,"37":0,"38":0,"39":0,"40":0,"42":1,"43":0,"44":0,"46":1,"47":1,"48":1,"49":1,"51":1,"52":0,"53":0,"55":0,"56":0,"57":0,"58":0,"60":1,"61":0,"62":0,"64":1,"65":0,"66":0,"67":0,"68":0,"69":0,"70":0,"71":0,"72":0,"73":0,"74":0,"75":0,"76":0,"77":0,"78":0,"79":0,"81":1,"82":1,"83":1,"84":1,"85":1,"86":1,"87":1,"88":1,"89":1,"90":1,"91":1,"92":0,"93":0,"94":0,"95":0,"96":0,"98":0,"99":0,"100":0,"101":1,"102":1,"103":1,"104":1,"105":1,"106":1,"107":1,"108":1,"109":1,"110":1,"111":1,"113":1,"115":1},"branchMap":{"0":{"type":"branch","line":25,"loc":{"start":{"line":25,"column":40},"end":{"line":114,"column":2}},"locations":[{"start":{"line":25,"column":40},"end":{"line":114,"column":2}}]},"1":{"type":"branch","line":31,"loc":{"start":{"line":31,"column":45},"end":{"line":31,"column":100}},"locations":[{"start":{"line":31,"column":45},"end":{"line":31,"column":100}}]},"2":{"type":"branch","line":87,"loc":{"start":{"line":87,"column":50},"end":{"line":87,"column":74}},"locations":[{"start":{"line":87,"column":50},"end":{"line":87,"column":74}}]},"3":{"type":"branch","line":106,"loc":{"start":{"line":106,"column":39},"end":{"line":106,"column":70}},"locations":[{"start":{"line":106,"column":39},"end":{"line":106,"column":70}}]},"4":{"type":"branch","line":109,"loc":{"start":{"line":109,"column":11},"end":{"line":109,"column":28}},"locations":[{"start":{"line":109,"column":11},"end":{"line":109,"column":28}}]},"5":{"type":"branch","line":36,"loc":{"start":{"line":36,"column":12},"end":{"line":50,"column":5}},"locations":[{"start":{"line":36,"column":12},"end":{"line":50,"column":5}}]},"6":{"type":"branch","line":43,"loc":{"start":{"line":43,"column":18},"end":{"line":45,"column":5}},"locations":[{"start":{"line":43,"column":18},"end":{"line":45,"column":5}}]},"7":{"type":"branch","line":47,"loc":{"start":{"line":47,"column":11},"end":{"line":49,"column":6}},"locations":[{"start":{"line":47,"column":11},"end":{"line":49,"column":6}}]}},"b":{"0":[1],"1":[0],"2":[0],"3":[0],"4":[0],"5":[1],"6":[0],"7":[1]},"fnMap":{"0":{"name":"Sidebar","decl":{"start":{"line":25,"column":40},"end":{"line":114,"column":2}},"loc":{"start":{"line":25,"column":40},"end":{"line":114,"column":2}},"line":25},"1":{"name":"handleClickOutside","decl":{"start":{"line":37,"column":31},"end":{"line":41,"column":6}},"loc":{"start":{"line":37,"column":31},"end":{"line":41,"column":6}},"line":37},"2":{"name":"handleTabClick","decl":{"start":{"line":52,"column":25},"end":{"line":59,"column":4}},"loc":{"start":{"line":52,"column":25},"end":{"line":59,"column":4}},"line":52},"3":{"name":"toggleSidebar","decl":{"start":{"line":61,"column":24},"end":{"line":63,"column":4}},"loc":{"start":{"line":61,"column":24},"end":{"line":63,"column":4}},"line":61},"4":{"name":"handleSignOut","decl":{"start":{"line":65,"column":24},"end":{"line":80,"column":4}},"loc":{"start":{"line":65,"column":24},"end":{"line":80,"column":4}},"line":65}},"f":{"0":1,"1":0,"2":0,"3":0,"4":0}}
,"/Users/yassine/Code/train-web-app/src/common/components/forms/ForgotPasswordForm.tsx": {"path":"/Users/yassine/Code/train-web-app/src/common/components/forms/ForgotPasswordForm.tsx","all":false,"statementMap":{"0":{"start":{"line":1,"column":0},"end":{"line":1,"column":40}},"1":{"start":{"line":2,"column":0},"end":{"line":2,"column":43}},"2":{"start":{"line":3,"column":0},"end":{"line":3,"column":40}},"3":{"start":{"line":4,"column":0},"end":{"line":4,"column":34}},"4":{"start":{"line":5,"column":0},"end":{"line":5,"column":30}},"5":{"start":{"line":6,"column":0},"end":{"line":6,"column":60}},"7":{"start":{"line":8,"column":0},"end":{"line":8,"column":44}},"8":{"start":{"line":9,"column":0},"end":{"line":9,"column":33}},"9":{"start":{"line":10,"column":0},"end":{"line":10,"column":41}},"10":{"start":{"line":11,"column":0},"end":{"line":11,"column":52}},"11":{"start":{"line":12,"column":0},"end":{"line":12,"column":58}},"13":{"start":{"line":14,"column":0},"end":{"line":14,"column":54}},"14":{"start":{"line":15,"column":0},"end":{"line":15,"column":23}},"15":{"start":{"line":16,"column":0},"end":{"line":16,"column":23}},"16":{"start":{"line":17,"column":0},"end":{"line":17,"column":19}},"18":{"start":{"line":19,"column":0},"end":{"line":19,"column":9}},"19":{"start":{"line":20,"column":0},"end":{"line":20,"column":56}},"20":{"start":{"line":21,"column":0},"end":{"line":21,"column":69}},"21":{"start":{"line":22,"column":0},"end":{"line":22,"column":19}},"22":{"start":{"line":23,"column":0},"end":{"line":23,"column":58}},"23":{"start":{"line":24,"column":0},"end":{"line":24,"column":70}},"24":{"start":{"line":25,"column":0},"end":{"line":25,"column":15}},"25":{"start":{"line":26,"column":0},"end":{"line":26,"column":26}},"26":{"start":{"line":27,"column":0},"end":{"line":27,"column":5}},"27":{"start":{"line":28,"column":0},"end":{"line":28,"column":4}},"29":{"start":{"line":30,"column":0},"end":{"line":30,"column":10}},"30":{"start":{"line":31,"column":0},"end":{"line":31,"column":48}},"31":{"start":{"line":32,"column":0},"end":{"line":32,"column":38}},"33":{"start":{"line":34,"column":0},"end":{"line":34,"column":10}},"35":{"start":{"line":36,"column":0},"end":{"line":36,"column":16}},"36":{"start":{"line":37,"column":0},"end":{"line":37,"column":18}},"37":{"start":{"line":38,"column":0},"end":{"line":38,"column":28}},"38":{"start":{"line":39,"column":0},"end":{"line":39,"column":20}},"39":{"start":{"line":40,"column":0},"end":{"line":40,"column":21}},"40":{"start":{"line":41,"column":0},"end":{"line":41,"column":21}},"41":{"start":{"line":42,"column":0},"end":{"line":42,"column":50}},"42":{"start":{"line":43,"column":0},"end":{"line":43,"column":36}},"43":{"start":{"line":44,"column":0},"end":{"line":44,"column":16}},"44":{"start":{"line":45,"column":0},"end":{"line":45,"column":28}},"45":{"start":{"line":46,"column":0},"end":{"line":46,"column":28}},"46":{"start":{"line":47,"column":0},"end":{"line":47,"column":8}},"48":{"start":{"line":49,"column":0},"end":{"line":49,"column":13}},"49":{"start":{"line":50,"column":0},"end":{"line":50,"column":21}},"50":{"start":{"line":51,"column":0},"end":{"line":51,"column":30}},"51":{"start":{"line":52,"column":0},"end":{"line":52,"column":28}},"52":{"start":{"line":53,"column":0},"end":{"line":53,"column":29}},"53":{"start":{"line":54,"column":0},"end":{"line":54,"column":32}},"54":{"start":{"line":55,"column":0},"end":{"line":55,"column":7}},"56":{"start":{"line":57,"column":0},"end":{"line":57,"column":15}},"57":{"start":{"line":58,"column":0},"end":{"line":58,"column":11}},"59":{"start":{"line":60,"column":0},"end":{"line":60,"column":2}},"61":{"start":{"line":62,"column":0},"end":{"line":62,"column":34}}},"s":{"0":1,"1":1,"2":1,"3":1,"4":1,"5":1,"7":1,"8":1,"9":1,"10":1,"11":1,"13":1,"14":0,"15":0,"16":0,"18":0,"19":0,"20":0,"21":0,"22":0,"23":0,"24":0,"25":0,"26":0,"27":0,"29":1,"30":1,"31":1,"33":1,"35":1,"36":1,"37":1,"38":1,"39":1,"40":1,"41":1,"42":1,"43":1,"44":1,"45":1,"46":1,"48":1,"49":1,"50":1,"51":1,"52":1,"53":1,"54":1,"56":1,"57":1,"59":1,"61":1},"branchMap":{"0":{"type":"branch","line":8,"loc":{"start":{"line":8,"column":37},"end":{"line":60,"column":2}},"locations":[{"start":{"line":8,"column":37},"end":{"line":60,"column":2}}]}},"b":{"0":[1]},"fnMap":{"0":{"name":"ForgotPasswordForm","decl":{"start":{"line":8,"column":37},"end":{"line":60,"column":2}},"loc":{"start":{"line":8,"column":37},"end":{"line":60,"column":2}},"line":8},"1":{"name":"handleSubmit","decl":{"start":{"line":14,"column":23},"end":{"line":28,"column":4}},"loc":{"start":{"line":14,"column":23},"end":{"line":28,"column":4}},"line":14},"2":{"name":"onChange","decl":{"start":{"line":42,"column":18},"end":{"line":42,"column":50}},"loc":{"start":{"line":42,"column":18},"end":{"line":42,"column":50}},"line":42}},"f":{"0":1,"1":0,"2":0}}
,"/Users/yassine/Code/train-web-app/src/common/components/forms/LoginForm.tsx": {"path":"/Users/yassine/Code/train-web-app/src/common/components/forms/LoginForm.tsx","all":false,"statementMap":{"0":{"start":{"line":1,"column":0},"end":{"line":1,"column":40}},"1":{"start":{"line":2,"column":0},"end":{"line":2,"column":49}},"2":{"start":{"line":3,"column":0},"end":{"line":3,"column":40}},"3":{"start":{"line":4,"column":0},"end":{"line":4,"column":34}},"4":{"start":{"line":5,"column":0},"end":{"line":5,"column":38}},"5":{"start":{"line":6,"column":0},"end":{"line":6,"column":30}},"6":{"start":{"line":7,"column":0},"end":{"line":7,"column":46}},"7":{"start":{"line":8,"column":0},"end":{"line":8,"column":60}},"8":{"start":{"line":9,"column":0},"end":{"line":9,"column":62}},"14":{"start":{"line":15,"column":0},"end":{"line":15,"column":77}},"15":{"start":{"line":16,"column":0},"end":{"line":16,"column":33}},"16":{"start":{"line":17,"column":0},"end":{"line":17,"column":41}},"17":{"start":{"line":18,"column":0},"end":{"line":18,"column":47}},"18":{"start":{"line":19,"column":0},"end":{"line":19,"column":54}},"19":{"start":{"line":20,"column":0},"end":{"line":20,"column":52}},"20":{"start":{"line":21,"column":0},"end":{"line":21,"column":52}},"21":{"start":{"line":22,"column":0},"end":{"line":22,"column":77}},"22":{"start":{"line":23,"column":0},"end":{"line":23,"column":4}},"24":{"start":{"line":25,"column":0},"end":{"line":25,"column":64}},"25":{"start":{"line":26,"column":0},"end":{"line":26,"column":9}},"26":{"start":{"line":27,"column":0},"end":{"line":27,"column":25}},"27":{"start":{"line":28,"column":0},"end":{"line":28,"column":21}},"29":{"start":{"line":30,"column":0},"end":{"line":30,"column":19}},"31":{"start":{"line":32,"column":0},"end":{"line":32,"column":34}},"32":{"start":{"line":33,"column":0},"end":{"line":33,"column":56}},"33":{"start":{"line":34,"column":0},"end":{"line":34,"column":40}},"34":{"start":{"line":35,"column":0},"end":{"line":35,"column":45}},"35":{"start":{"line":36,"column":0},"end":{"line":36,"column":17}},"36":{"start":{"line":37,"column":0},"end":{"line":37,"column":20}},"37":{"start":{"line":38,"column":0},"end":{"line":38,"column":47}},"38":{"start":{"line":39,"column":0},"end":{"line":39,"column":11}},"39":{"start":{"line":40,"column":0},"end":{"line":40,"column":14}},"40":{"start":{"line":41,"column":0},"end":{"line":41,"column":48}},"41":{"start":{"line":42,"column":0},"end":{"line":42,"column":7}},"43":{"start":{"line":44,"column":0},"end":{"line":44,"column":72}},"44":{"start":{"line":45,"column":0},"end":{"line":45,"column":20}},"45":{"start":{"line":46,"column":0},"end":{"line":46,"column":19}},"46":{"start":{"line":47,"column":0},"end":{"line":47,"column":55}},"47":{"start":{"line":48,"column":0},"end":{"line":48,"column":72}},"48":{"start":{"line":49,"column":0},"end":{"line":49,"column":15}},"49":{"start":{"line":50,"column":0},"end":{"line":50,"column":26}},"50":{"start":{"line":51,"column":0},"end":{"line":51,"column":5}},"51":{"start":{"line":52,"column":0},"end":{"line":52,"column":4}},"53":{"start":{"line":54,"column":0},"end":{"line":54,"column":48}},"54":{"start":{"line":55,"column":0},"end":{"line":55,"column":23}},"55":{"start":{"line":56,"column":0},"end":{"line":56,"column":26}},"56":{"start":{"line":57,"column":0},"end":{"line":57,"column":4}},"58":{"start":{"line":59,"column":0},"end":{"line":59,"column":10}},"59":{"start":{"line":60,"column":0},"end":{"line":60,"column":6}},"60":{"start":{"line":61,"column":0},"end":{"line":61,"column":50}},"61":{"start":{"line":62,"column":0},"end":{"line":62,"column":18}},"62":{"start":{"line":63,"column":0},"end":{"line":63,"column":20}},"63":{"start":{"line":64,"column":0},"end":{"line":64,"column":30}},"64":{"start":{"line":65,"column":0},"end":{"line":65,"column":22}},"65":{"start":{"line":66,"column":0},"end":{"line":66,"column":23}},"66":{"start":{"line":67,"column":0},"end":{"line":67,"column":23}},"67":{"start":{"line":68,"column":0},"end":{"line":68,"column":52}},"68":{"start":{"line":69,"column":0},"end":{"line":69,"column":38}},"69":{"start":{"line":70,"column":0},"end":{"line":70,"column":18}},"70":{"start":{"line":71,"column":0},"end":{"line":71,"column":30}},"71":{"start":{"line":72,"column":0},"end":{"line":72,"column":30}},"72":{"start":{"line":73,"column":0},"end":{"line":73,"column":10}},"74":{"start":{"line":75,"column":0},"end":{"line":75,"column":18}},"75":{"start":{"line":76,"column":0},"end":{"line":76,"column":23}},"76":{"start":{"line":77,"column":0},"end":{"line":77,"column":33}},"77":{"start":{"line":78,"column":0},"end":{"line":78,"column":25}},"78":{"start":{"line":79,"column":0},"end":{"line":79,"column":26}},"79":{"start":{"line":80,"column":0},"end":{"line":80,"column":26}},"80":{"start":{"line":81,"column":0},"end":{"line":81,"column":55}},"81":{"start":{"line":82,"column":0},"end":{"line":82,"column":32}},"82":{"start":{"line":83,"column":0},"end":{"line":83,"column":18}},"83":{"start":{"line":84,"column":0},"end":{"line":84,"column":30}},"84":{"start":{"line":85,"column":0},"end":{"line":85,"column":41}},"85":{"start":{"line":86,"column":0},"end":{"line":86,"column":10}},"87":{"start":{"line":88,"column":0},"end":{"line":88,"column":38}},"88":{"start":{"line":89,"column":0},"end":{"line":89,"column":19}},"89":{"start":{"line":90,"column":0},"end":{"line":90,"column":25}},"90":{"start":{"line":91,"column":0},"end":{"line":91,"column":38}},"91":{"start":{"line":92,"column":0},"end":{"line":92,"column":31}},"92":{"start":{"line":93,"column":0},"end":{"line":93,"column":32}},"93":{"start":{"line":94,"column":0},"end":{"line":94,"column":61}},"94":{"start":{"line":95,"column":0},"end":{"line":95,"column":32}},"95":{"start":{"line":96,"column":0},"end":{"line":96,"column":12}},"96":{"start":{"line":97,"column":0},"end":{"line":97,"column":124}},"97":{"start":{"line":98,"column":0},"end":{"line":98,"column":14}},"99":{"start":{"line":100,"column":0},"end":{"line":100,"column":15}},"100":{"start":{"line":101,"column":0},"end":{"line":101,"column":23}},"101":{"start":{"line":102,"column":0},"end":{"line":102,"column":31}},"102":{"start":{"line":103,"column":0},"end":{"line":103,"column":30}},"103":{"start":{"line":104,"column":0},"end":{"line":104,"column":31}},"104":{"start":{"line":105,"column":0},"end":{"line":105,"column":34}},"105":{"start":{"line":106,"column":0},"end":{"line":106,"column":9}},"107":{"start":{"line":108,"column":0},"end":{"line":108,"column":17}},"108":{"start":{"line":109,"column":0},"end":{"line":109,"column":13}},"110":{"start":{"line":111,"column":0},"end":{"line":111,"column":36}},"111":{"start":{"line":112,"column":0},"end":{"line":112,"column":30}},"112":{"start":{"line":113,"column":0},"end":{"line":113,"column":21}},"113":{"start":{"line":114,"column":0},"end":{"line":114,"column":27}},"114":{"start":{"line":115,"column":0},"end":{"line":115,"column":32}},"115":{"start":{"line":116,"column":0},"end":{"line":116,"column":48}},"116":{"start":{"line":117,"column":0},"end":{"line":117,"column":30}},"117":{"start":{"line":118,"column":0},"end":{"line":118,"column":60}},"118":{"start":{"line":119,"column":0},"end":{"line":119,"column":10}},"119":{"start":{"line":120,"column":0},"end":{"line":120,"column":12}},"120":{"start":{"line":121,"column":0},"end":{"line":121,"column":7}},"122":{"start":{"line":123,"column":0},"end":{"line":123,"column":2}},"124":{"start":{"line":125,"column":0},"end":{"line":125,"column":25}}},"s":{"0":1,"1":1,"2":1,"3":1,"4":1,"5":1,"6":1,"7":1,"8":1,"14":1,"15":1,"16":1,"17":1,"18":1,"19":1,"20":1,"21":1,"22":1,"24":1,"25":0,"26":0,"27":0,"29":0,"31":0,"32":0,"33":0,"34":0,"35":0,"36":0,"37":0,"38":0,"39":0,"40":0,"41":0,"43":0,"44":0,"45":0,"46":0,"47":0,"48":0,"49":0,"50":0,"51":0,"53":1,"54":0,"55":0,"56":0,"58":1,"59":1,"60":1,"61":1,"62":1,"63":1,"64":1,"65":1,"66":1,"67":1,"68":1,"69":1,"70":1,"71":1,"72":1,"74":1,"75":1,"76":1,"77":1,"78":1,"79":1,"80":1,"81":1,"82":1,"83":1,"84":1,"85":1,"87":1,"88":1,"89":1,"90":1,"91":1,"92":1,"93":1,"94":1,"95":1,"96":1,"97":1,"99":1,"100":1,"101":1,"102":1,"103":1,"104":1,"105":1,"107":1,"108":1,"110":1,"111":1,"112":1,"113":1,"114":1,"115":1,"116":1,"117":1,"118":1,"119":1,"120":1,"122":1,"124":1},"branchMap":{"0":{"type":"branch","line":15,"loc":{"start":{"line":15,"column":44},"end":{"line":123,"column":2}},"locations":[{"start":{"line":15,"column":44},"end":{"line":123,"column":2}}]},"1":{"type":"branch","line":22,"loc":{"start":{"line":22,"column":4},"end":{"line":22,"column":73}},"locations":[{"start":{"line":22,"column":4},"end":{"line":22,"column":73}}]},"2":{"type":"branch","line":118,"loc":{"start":{"line":118,"column":21},"end":{"line":118,"column":60}},"locations":[{"start":{"line":118,"column":21},"end":{"line":118,"column":60}}]}},"b":{"0":[1],"1":[0],"2":[0]},"fnMap":{"0":{"name":"LoginForm","decl":{"start":{"line":15,"column":44},"end":{"line":123,"column":2}},"loc":{"start":{"line":15,"column":44},"end":{"line":123,"column":2}},"line":15},"1":{"name":"handleSignIn","decl":{"start":{"line":25,"column":23},"end":{"line":52,"column":4}},"loc":{"start":{"line":25,"column":23},"end":{"line":52,"column":4}},"line":25},"2":{"name":"handleSubmit","decl":{"start":{"line":54,"column":23},"end":{"line":57,"column":4}},"loc":{"start":{"line":54,"column":23},"end":{"line":57,"column":4}},"line":54},"3":{"name":"onChange","decl":{"start":{"line":68,"column":20},"end":{"line":68,"column":52}},"loc":{"start":{"line":68,"column":20},"end":{"line":68,"column":52}},"line":68},"4":{"name":"onChange","decl":{"start":{"line":81,"column":20},"end":{"line":81,"column":55}},"loc":{"start":{"line":81,"column":20},"end":{"line":81,"column":55}},"line":81},"5":{"name":"onChange","decl":{"start":{"line":94,"column":22},"end":{"line":94,"column":61}},"loc":{"start":{"line":94,"column":22},"end":{"line":94,"column":61}},"line":94},"6":{"name":"onClick","decl":{"start":{"line":116,"column":19},"end":{"line":116,"column":48}},"loc":{"start":{"line":116,"column":19},"end":{"line":116,"column":48}},"line":116}},"f":{"0":1,"1":0,"2":0,"3":0,"4":0,"5":0,"6":0}}
,"/Users/yassine/Code/train-web-app/src/common/components/forms/RegistrationForm.tsx": {"path":"/Users/yassine/Code/train-web-app/src/common/components/forms/RegistrationForm.tsx","all":false,"statementMap":{"0":{"start":{"line":1,"column":0},"end":{"line":1,"column":40}},"1":{"start":{"line":2,"column":0},"end":{"line":2,"column":49}},"2":{"start":{"line":3,"column":0},"end":{"line":3,"column":40}},"3":{"start":{"line":4,"column":0},"end":{"line":4,"column":34}},"4":{"start":{"line":5,"column":0},"end":{"line":5,"column":38}},"5":{"start":{"line":6,"column":0},"end":{"line":6,"column":30}},"6":{"start":{"line":7,"column":0},"end":{"line":7,"column":46}},"7":{"start":{"line":8,"column":0},"end":{"line":8,"column":60}},"8":{"start":{"line":9,"column":0},"end":{"line":9,"column":62}},"11":{"start":{"line":12,"column":0},"end":{"line":12,"column":42}},"12":{"start":{"line":13,"column":0},"end":{"line":13,"column":33}},"13":{"start":{"line":14,"column":0},"end":{"line":14,"column":39}},"14":{"start":{"line":15,"column":0},"end":{"line":15,"column":41}},"15":{"start":{"line":16,"column":0},"end":{"line":16,"column":47}},"16":{"start":{"line":17,"column":0},"end":{"line":17,"column":61}},"17":{"start":{"line":18,"column":0},"end":{"line":18,"column":58}},"18":{"start":{"line":19,"column":0},"end":{"line":19,"column":52}},"19":{"start":{"line":20,"column":0},"end":{"line":20,"column":58}},"20":{"start":{"line":21,"column":0},"end":{"line":21,"column":74}},"22":{"start":{"line":23,"column":0},"end":{"line":23,"column":34}},"23":{"start":{"line":24,"column":0},"end":{"line":24,"column":39}},"24":{"start":{"line":25,"column":0},"end":{"line":25,"column":49}},"25":{"start":{"line":26,"column":0},"end":{"line":26,"column":19}},"26":{"start":{"line":27,"column":0},"end":{"line":27,"column":5}},"27":{"start":{"line":28,"column":0},"end":{"line":28,"column":30}},"28":{"start":{"line":29,"column":0},"end":{"line":29,"column":70}},"29":{"start":{"line":30,"column":0},"end":{"line":30,"column":19}},"30":{"start":{"line":31,"column":0},"end":{"line":31,"column":5}},"31":{"start":{"line":32,"column":0},"end":{"line":32,"column":27}},"32":{"start":{"line":33,"column":0},"end":{"line":33,"column":16}},"33":{"start":{"line":34,"column":0},"end":{"line":34,"column":4}},"35":{"start":{"line":36,"column":0},"end":{"line":36,"column":54}},"36":{"start":{"line":37,"column":0},"end":{"line":37,"column":23}},"38":{"start":{"line":39,"column":0},"end":{"line":39,"column":30}},"39":{"start":{"line":40,"column":0},"end":{"line":40,"column":13}},"40":{"start":{"line":41,"column":0},"end":{"line":41,"column":5}},"42":{"start":{"line":43,"column":0},"end":{"line":43,"column":24}},"43":{"start":{"line":44,"column":0},"end":{"line":44,"column":76}},"44":{"start":{"line":45,"column":0},"end":{"line":45,"column":13}},"45":{"start":{"line":46,"column":0},"end":{"line":46,"column":5}},"47":{"start":{"line":48,"column":0},"end":{"line":48,"column":23}},"48":{"start":{"line":49,"column":0},"end":{"line":49,"column":19}},"50":{"start":{"line":51,"column":0},"end":{"line":51,"column":9}},"52":{"start":{"line":53,"column":0},"end":{"line":53,"column":40}},"53":{"start":{"line":54,"column":0},"end":{"line":54,"column":13}},"54":{"start":{"line":55,"column":0},"end":{"line":55,"column":14}},"55":{"start":{"line":56,"column":0},"end":{"line":56,"column":17}},"56":{"start":{"line":57,"column":0},"end":{"line":57,"column":44}},"57":{"start":{"line":58,"column":0},"end":{"line":58,"column":8}},"60":{"start":{"line":61,"column":0},"end":{"line":61,"column":63}},"61":{"start":{"line":62,"column":0},"end":{"line":62,"column":56}},"62":{"start":{"line":63,"column":0},"end":{"line":63,"column":20}},"63":{"start":{"line":64,"column":0},"end":{"line":64,"column":24}},"64":{"start":{"line":65,"column":0},"end":{"line":65,"column":48}},"65":{"start":{"line":66,"column":0},"end":{"line":66,"column":71}},"66":{"start":{"line":67,"column":0},"end":{"line":67,"column":15}},"67":{"start":{"line":68,"column":0},"end":{"line":68,"column":26}},"68":{"start":{"line":69,"column":0},"end":{"line":69,"column":5}},"69":{"start":{"line":70,"column":0},"end":{"line":70,"column":4}},"71":{"start":{"line":72,"column":0},"end":{"line":72,"column":46}},"72":{"start":{"line":73,"column":0},"end":{"line":73,"column":9}},"73":{"start":{"line":74,"column":0},"end":{"line":74,"column":25}},"74":{"start":{"line":75,"column":0},"end":{"line":75,"column":21}},"76":{"start":{"line":77,"column":0},"end":{"line":77,"column":60}},"77":{"start":{"line":78,"column":0},"end":{"line":78,"column":67}},"78":{"start":{"line":79,"column":0},"end":{"line":79,"column":20}},"79":{"start":{"line":80,"column":0},"end":{"line":80,"column":24}},"80":{"start":{"line":81,"column":0},"end":{"line":81,"column":50}},"81":{"start":{"line":82,"column":0},"end":{"line":82,"column":82}},"82":{"start":{"line":83,"column":0},"end":{"line":83,"column":15}},"83":{"start":{"line":84,"column":0},"end":{"line":84,"column":26}},"84":{"start":{"line":85,"column":0},"end":{"line":85,"column":5}},"85":{"start":{"line":86,"column":0},"end":{"line":86,"column":4}},"87":{"start":{"line":88,"column":0},"end":{"line":88,"column":10}},"88":{"start":{"line":89,"column":0},"end":{"line":89,"column":6}},"89":{"start":{"line":90,"column":0},"end":{"line":90,"column":50}},"90":{"start":{"line":91,"column":0},"end":{"line":91,"column":18}},"91":{"start":{"line":92,"column":0},"end":{"line":92,"column":19}},"92":{"start":{"line":93,"column":0},"end":{"line":93,"column":29}},"93":{"start":{"line":94,"column":0},"end":{"line":94,"column":21}},"94":{"start":{"line":95,"column":0},"end":{"line":95,"column":27}},"95":{"start":{"line":96,"column":0},"end":{"line":96,"column":22}},"96":{"start":{"line":97,"column":0},"end":{"line":97,"column":51}},"97":{"start":{"line":98,"column":0},"end":{"line":98,"column":32}},"98":{"start":{"line":99,"column":0},"end":{"line":99,"column":18}},"99":{"start":{"line":100,"column":0},"end":{"line":100,"column":30}},"100":{"start":{"line":101,"column":0},"end":{"line":101,"column":29}},"101":{"start":{"line":102,"column":0},"end":{"line":102,"column":10}},"103":{"start":{"line":104,"column":0},"end":{"line":104,"column":18}},"104":{"start":{"line":105,"column":0},"end":{"line":105,"column":20}},"105":{"start":{"line":106,"column":0},"end":{"line":106,"column":30}},"106":{"start":{"line":107,"column":0},"end":{"line":107,"column":22}},"107":{"start":{"line":108,"column":0},"end":{"line":108,"column":23}},"108":{"start":{"line":109,"column":0},"end":{"line":109,"column":23}},"109":{"start":{"line":110,"column":0},"end":{"line":110,"column":52}},"110":{"start":{"line":111,"column":0},"end":{"line":111,"column":38}},"111":{"start":{"line":112,"column":0},"end":{"line":112,"column":18}},"112":{"start":{"line":113,"column":0},"end":{"line":113,"column":30}},"113":{"start":{"line":114,"column":0},"end":{"line":114,"column":30}},"114":{"start":{"line":115,"column":0},"end":{"line":115,"column":10}},"116":{"start":{"line":117,"column":0},"end":{"line":117,"column":18}},"117":{"start":{"line":118,"column":0},"end":{"line":118,"column":23}},"118":{"start":{"line":119,"column":0},"end":{"line":119,"column":33}},"119":{"start":{"line":120,"column":0},"end":{"line":120,"column":25}},"120":{"start":{"line":121,"column":0},"end":{"line":121,"column":26}},"121":{"start":{"line":122,"column":0},"end":{"line":122,"column":26}},"122":{"start":{"line":123,"column":0},"end":{"line":123,"column":55}},"123":{"start":{"line":124,"column":0},"end":{"line":124,"column":32}},"124":{"start":{"line":125,"column":0},"end":{"line":125,"column":18}},"125":{"start":{"line":126,"column":0},"end":{"line":126,"column":30}},"126":{"start":{"line":127,"column":0},"end":{"line":127,"column":37}},"127":{"start":{"line":128,"column":0},"end":{"line":128,"column":44}},"128":{"start":{"line":129,"column":0},"end":{"line":129,"column":10}},"130":{"start":{"line":131,"column":0},"end":{"line":131,"column":18}},"131":{"start":{"line":132,"column":0},"end":{"line":132,"column":30}},"132":{"start":{"line":133,"column":0},"end":{"line":133,"column":41}},"133":{"start":{"line":134,"column":0},"end":{"line":134,"column":25}},"134":{"start":{"line":135,"column":0},"end":{"line":135,"column":34}},"135":{"start":{"line":136,"column":0},"end":{"line":136,"column":33}},"136":{"start":{"line":137,"column":0},"end":{"line":137,"column":62}},"137":{"start":{"line":138,"column":0},"end":{"line":138,"column":32}},"138":{"start":{"line":139,"column":0},"end":{"line":139,"column":18}},"139":{"start":{"line":140,"column":0},"end":{"line":140,"column":30}},"140":{"start":{"line":141,"column":0},"end":{"line":141,"column":44}},"141":{"start":{"line":142,"column":0},"end":{"line":142,"column":37}},"142":{"start":{"line":143,"column":0},"end":{"line":143,"column":10}},"144":{"start":{"line":145,"column":0},"end":{"line":145,"column":38}},"145":{"start":{"line":146,"column":0},"end":{"line":146,"column":19}},"146":{"start":{"line":147,"column":0},"end":{"line":147,"column":29}},"147":{"start":{"line":148,"column":0},"end":{"line":148,"column":35}},"148":{"start":{"line":149,"column":0},"end":{"line":149,"column":19}},"149":{"start":{"line":150,"column":0},"end":{"line":150,"column":16}},"150":{"start":{"line":151,"column":0},"end":{"line":151,"column":129}},"151":{"start":{"line":152,"column":0},"end":{"line":152,"column":17}},"153":{"start":{"line":154,"column":0},"end":{"line":154,"column":34}},"154":{"start":{"line":155,"column":0},"end":{"line":155,"column":63}},"155":{"start":{"line":156,"column":0},"end":{"line":156,"column":32}},"156":{"start":{"line":157,"column":0},"end":{"line":157,"column":12}},"157":{"start":{"line":158,"column":0},"end":{"line":158,"column":14}},"159":{"start":{"line":160,"column":0},"end":{"line":160,"column":15}},"160":{"start":{"line":161,"column":0},"end":{"line":161,"column":23}},"161":{"start":{"line":162,"column":0},"end":{"line":162,"column":34}},"162":{"start":{"line":163,"column":0},"end":{"line":163,"column":30}},"163":{"start":{"line":164,"column":0},"end":{"line":164,"column":31}},"164":{"start":{"line":165,"column":0},"end":{"line":165,"column":34}},"165":{"start":{"line":166,"column":0},"end":{"line":166,"column":9}},"167":{"start":{"line":168,"column":0},"end":{"line":168,"column":17}},"168":{"start":{"line":169,"column":0},"end":{"line":169,"column":13}},"170":{"start":{"line":171,"column":0},"end":{"line":171,"column":36}},"171":{"start":{"line":172,"column":0},"end":{"line":172,"column":30}},"172":{"start":{"line":173,"column":0},"end":{"line":173,"column":21}},"173":{"start":{"line":174,"column":0},"end":{"line":174,"column":27}},"174":{"start":{"line":175,"column":0},"end":{"line":175,"column":32}},"175":{"start":{"line":176,"column":0},"end":{"line":176,"column":42}},"176":{"start":{"line":177,"column":0},"end":{"line":177,"column":30}},"177":{"start":{"line":178,"column":0},"end":{"line":178,"column":60}},"178":{"start":{"line":179,"column":0},"end":{"line":179,"column":10}},"179":{"start":{"line":180,"column":0},"end":{"line":180,"column":12}},"180":{"start":{"line":181,"column":0},"end":{"line":181,"column":7}},"182":{"start":{"line":183,"column":0},"end":{"line":183,"column":2}},"184":{"start":{"line":185,"column":0},"end":{"line":185,"column":32}}},"s":{"0":1,"1":1,"2":1,"3":1,"4":1,"5":1,"6":1,"7":1,"8":1,"11":1,"12":1,"13":1,"14":1,"15":1,"16":1,"17":1,"18":1,"19":1,"20":1,"22":1,"23":0,"24":0,"25":0,"26":0,"27":0,"28":0,"29":0,"30":0,"31":0,"32":0,"33":0,"35":1,"36":0,"38":0,"39":0,"40":0,"42":0,"43":0,"44":0,"45":0,"47":0,"48":0,"50":0,"52":0,"53":0,"54":0,"55":0,"56":0,"57":0,"60":0,"61":0,"62":0,"63":0,"64":0,"65":0,"66":0,"67":0,"68":0,"69":0,"71":1,"72":0,"73":0,"74":0,"76":0,"77":0,"78":0,"79":0,"80":0,"81":0,"82":0,"83":0,"84":0,"85":0,"87":1,"88":1,"89":1,"90":1,"91":1,"92":1,"93":1,"94":1,"95":1,"96":1,"97":1,"98":1,"99":1,"100":1,"101":1,"103":1,"104":1,"105":1,"106":1,"107":1,"108":1,"109":1,"110":1,"111":1,"112":1,"113":1,"114":1,"116":1,"117":1,"118":1,"119":1,"120":1,"121":1,"122":1,"123":1,"124":1,"125":1,"126":1,"127":1,"128":1,"130":1,"131":1,"132":1,"133":1,"134":1,"135":1,"136":1,"137":1,"138":1,"139":1,"140":1,"141":1,"142":1,"144":1,"145":1,"146":1,"147":1,"148":1,"149":1,"150":1,"151":1,"153":1,"154":1,"155":1,"156":1,"157":1,"159":1,"160":1,"161":1,"162":1,"163":1,"164":1,"165":1,"167":1,"168":1,"170":1,"171":1,"172":1,"173":1,"174":1,"175":1,"176":1,"177":1,"178":1,"179":1,"180":1,"182":1,"184":1},"branchMap":{"0":{"type":"branch","line":12,"loc":{"start":{"line":12,"column":35},"end":{"line":183,"column":2}},"locations":[{"start":{"line":12,"column":35},"end":{"line":183,"column":2}}]},"1":{"type":"branch","line":178,"loc":{"start":{"line":178,"column":21},"end":{"line":178,"column":60}},"locations":[{"start":{"line":178,"column":21},"end":{"line":178,"column":60}}]}},"b":{"0":[1],"1":[0]},"fnMap":{"0":{"name":"RegistrationForm","decl":{"start":{"line":12,"column":35},"end":{"line":183,"column":2}},"loc":{"start":{"line":12,"column":35},"end":{"line":183,"column":2}},"line":12},"1":{"name":"validatePassword","decl":{"start":{"line":23,"column":27},"end":{"line":34,"column":4}},"loc":{"start":{"line":23,"column":27},"end":{"line":34,"column":4}},"line":23},"2":{"name":"handleSubmit","decl":{"start":{"line":36,"column":23},"end":{"line":70,"column":4}},"loc":{"start":{"line":36,"column":23},"end":{"line":70,"column":4}},"line":36},"3":{"name":"handleSignUpWithGoogle","decl":{"start":{"line":72,"column":33},"end":{"line":86,"column":4}},"loc":{"start":{"line":72,"column":33},"end":{"line":86,"column":4}},"line":72},"4":{"name":"onChange","decl":{"start":{"line":97,"column":20},"end":{"line":97,"column":51}},"loc":{"start":{"line":97,"column":20},"end":{"line":97,"column":51}},"line":97},"5":{"name":"onChange","decl":{"start":{"line":110,"column":20},"end":{"line":110,"column":52}},"loc":{"start":{"line":110,"column":20},"end":{"line":110,"column":52}},"line":110},"6":{"name":"onChange","decl":{"start":{"line":123,"column":20},"end":{"line":123,"column":55}},"loc":{"start":{"line":123,"column":20},"end":{"line":123,"column":55}},"line":123},"7":{"name":"onChange","decl":{"start":{"line":137,"column":20},"end":{"line":137,"column":62}},"loc":{"start":{"line":137,"column":20},"end":{"line":137,"column":62}},"line":137},"8":{"name":"onChange","decl":{"start":{"line":155,"column":22},"end":{"line":155,"column":63}},"loc":{"start":{"line":155,"column":22},"end":{"line":155,"column":63}},"line":155}},"f":{"0":1,"1":0,"2":0,"3":0,"4":0,"5":0,"6":0,"7":0,"8":0}}
,"/Users/yassine/Code/train-web-app/src/common/components/forms/ResetPasswordForm.tsx": {"path":"/Users/yassine/Code/train-web-app/src/common/components/forms/ResetPasswordForm.tsx","all":false,"statementMap":{"0":{"start":{"line":1,"column":0},"end":{"line":1,"column":51}},"1":{"start":{"line":2,"column":0},"end":{"line":2,"column":56}},"2":{"start":{"line":3,"column":0},"end":{"line":3,"column":40}},"3":{"start":{"line":4,"column":0},"end":{"line":4,"column":34}},"4":{"start":{"line":5,"column":0},"end":{"line":5,"column":30}},"5":{"start":{"line":6,"column":0},"end":{"line":6,"column":60}},"7":{"start":{"line":8,"column":0},"end":{"line":8,"column":43}},"8":{"start":{"line":9,"column":0},"end":{"line":9,"column":33}},"9":{"start":{"line":10,"column":0},"end":{"line":10,"column":33}},"10":{"start":{"line":11,"column":0},"end":{"line":11,"column":41}},"11":{"start":{"line":12,"column":0},"end":{"line":12,"column":39}},"12":{"start":{"line":13,"column":0},"end":{"line":13,"column":47}},"13":{"start":{"line":14,"column":0},"end":{"line":14,"column":61}},"14":{"start":{"line":15,"column":0},"end":{"line":15,"column":52}},"15":{"start":{"line":16,"column":0},"end":{"line":16,"column":58}},"16":{"start":{"line":17,"column":0},"end":{"line":17,"column":48}},"17":{"start":{"line":18,"column":0},"end":{"line":18,"column":74}},"19":{"start":{"line":20,"column":0},"end":{"line":20,"column":19}},"21":{"start":{"line":22,"column":0},"end":{"line":22,"column":61}},"22":{"start":{"line":23,"column":0},"end":{"line":23,"column":48}},"23":{"start":{"line":24,"column":0},"end":{"line":24,"column":21}},"24":{"start":{"line":25,"column":0},"end":{"line":25,"column":27}},"25":{"start":{"line":26,"column":0},"end":{"line":26,"column":5}},"26":{"start":{"line":27,"column":0},"end":{"line":27,"column":17}},"28":{"start":{"line":29,"column":0},"end":{"line":29,"column":34}},"29":{"start":{"line":30,"column":0},"end":{"line":30,"column":39}},"30":{"start":{"line":31,"column":0},"end":{"line":31,"column":49}},"31":{"start":{"line":32,"column":0},"end":{"line":32,"column":19}},"32":{"start":{"line":33,"column":0},"end":{"line":33,"column":5}},"33":{"start":{"line":34,"column":0},"end":{"line":34,"column":30}},"34":{"start":{"line":35,"column":0},"end":{"line":35,"column":70}},"35":{"start":{"line":36,"column":0},"end":{"line":36,"column":19}},"36":{"start":{"line":37,"column":0},"end":{"line":37,"column":5}},"37":{"start":{"line":38,"column":0},"end":{"line":38,"column":27}},"38":{"start":{"line":39,"column":0},"end":{"line":39,"column":16}},"39":{"start":{"line":40,"column":0},"end":{"line":40,"column":4}},"41":{"start":{"line":42,"column":0},"end":{"line":42,"column":54}},"42":{"start":{"line":43,"column":0},"end":{"line":43,"column":23}},"44":{"start":{"line":45,"column":0},"end":{"line":45,"column":30}},"45":{"start":{"line":46,"column":0},"end":{"line":46,"column":13}},"46":{"start":{"line":47,"column":0},"end":{"line":47,"column":5}},"48":{"start":{"line":49,"column":0},"end":{"line":49,"column":23}},"49":{"start":{"line":50,"column":0},"end":{"line":50,"column":19}},"51":{"start":{"line":52,"column":0},"end":{"line":52,"column":9}},"53":{"start":{"line":54,"column":0},"end":{"line":54,"column":47}},"54":{"start":{"line":55,"column":0},"end":{"line":55,"column":14}},"55":{"start":{"line":56,"column":0},"end":{"line":56,"column":24}},"56":{"start":{"line":57,"column":0},"end":{"line":57,"column":29}},"57":{"start":{"line":58,"column":0},"end":{"line":58,"column":9}},"59":{"start":{"line":60,"column":0},"end":{"line":60,"column":23}},"61":{"start":{"line":62,"column":0},"end":{"line":62,"column":24}},"62":{"start":{"line":63,"column":0},"end":{"line":63,"column":27}},"63":{"start":{"line":64,"column":0},"end":{"line":64,"column":15}},"64":{"start":{"line":65,"column":0},"end":{"line":65,"column":19}},"65":{"start":{"line":66,"column":0},"end":{"line":66,"column":50}},"66":{"start":{"line":67,"column":0},"end":{"line":67,"column":82}},"67":{"start":{"line":68,"column":0},"end":{"line":68,"column":15}},"68":{"start":{"line":69,"column":0},"end":{"line":69,"column":26}},"69":{"start":{"line":70,"column":0},"end":{"line":70,"column":5}},"70":{"start":{"line":71,"column":0},"end":{"line":71,"column":4}},"72":{"start":{"line":73,"column":0},"end":{"line":73,"column":16}},"73":{"start":{"line":74,"column":0},"end":{"line":74,"column":12}},"74":{"start":{"line":75,"column":0},"end":{"line":75,"column":39}},"75":{"start":{"line":76,"column":0},"end":{"line":76,"column":57}},"76":{"start":{"line":77,"column":0},"end":{"line":77,"column":43}},"77":{"start":{"line":78,"column":0},"end":{"line":78,"column":12}},"79":{"start":{"line":80,"column":0},"end":{"line":80,"column":3}},"81":{"start":{"line":82,"column":0},"end":{"line":82,"column":10}},"82":{"start":{"line":83,"column":0},"end":{"line":83,"column":48}},"83":{"start":{"line":84,"column":0},"end":{"line":84,"column":16}},"84":{"start":{"line":85,"column":0},"end":{"line":85,"column":18}},"85":{"start":{"line":86,"column":0},"end":{"line":86,"column":28}},"86":{"start":{"line":87,"column":0},"end":{"line":87,"column":20}},"87":{"start":{"line":88,"column":0},"end":{"line":88,"column":21}},"88":{"start":{"line":89,"column":0},"end":{"line":89,"column":21}},"89":{"start":{"line":90,"column":0},"end":{"line":90,"column":50}},"90":{"start":{"line":91,"column":0},"end":{"line":91,"column":36}},"91":{"start":{"line":92,"column":0},"end":{"line":92,"column":16}},"92":{"start":{"line":93,"column":0},"end":{"line":93,"column":28}},"93":{"start":{"line":94,"column":0},"end":{"line":94,"column":28}},"94":{"start":{"line":95,"column":0},"end":{"line":95,"column":8}},"96":{"start":{"line":97,"column":0},"end":{"line":97,"column":16}},"97":{"start":{"line":98,"column":0},"end":{"line":98,"column":17}},"98":{"start":{"line":99,"column":0},"end":{"line":99,"column":27}},"99":{"start":{"line":100,"column":0},"end":{"line":100,"column":19}},"100":{"start":{"line":101,"column":0},"end":{"line":101,"column":33}},"101":{"start":{"line":102,"column":0},"end":{"line":102,"column":20}},"102":{"start":{"line":103,"column":0},"end":{"line":103,"column":49}},"103":{"start":{"line":104,"column":0},"end":{"line":104,"column":52}},"104":{"start":{"line":105,"column":0},"end":{"line":105,"column":16}},"105":{"start":{"line":106,"column":0},"end":{"line":106,"column":28}},"106":{"start":{"line":107,"column":0},"end":{"line":107,"column":8}},"108":{"start":{"line":109,"column":0},"end":{"line":109,"column":16}},"109":{"start":{"line":110,"column":0},"end":{"line":110,"column":21}},"110":{"start":{"line":111,"column":0},"end":{"line":111,"column":31}},"111":{"start":{"line":112,"column":0},"end":{"line":112,"column":23}},"112":{"start":{"line":113,"column":0},"end":{"line":113,"column":28}},"113":{"start":{"line":114,"column":0},"end":{"line":114,"column":24}},"114":{"start":{"line":115,"column":0},"end":{"line":115,"column":53}},"115":{"start":{"line":116,"column":0},"end":{"line":116,"column":30}},"116":{"start":{"line":117,"column":0},"end":{"line":117,"column":16}},"117":{"start":{"line":118,"column":0},"end":{"line":118,"column":28}},"118":{"start":{"line":119,"column":0},"end":{"line":119,"column":35}},"119":{"start":{"line":120,"column":0},"end":{"line":120,"column":8}},"121":{"start":{"line":122,"column":0},"end":{"line":122,"column":16}},"122":{"start":{"line":123,"column":0},"end":{"line":123,"column":28}},"123":{"start":{"line":124,"column":0},"end":{"line":124,"column":39}},"124":{"start":{"line":125,"column":0},"end":{"line":125,"column":23}},"125":{"start":{"line":126,"column":0},"end":{"line":126,"column":36}},"126":{"start":{"line":127,"column":0},"end":{"line":127,"column":31}},"127":{"start":{"line":128,"column":0},"end":{"line":128,"column":60}},"128":{"start":{"line":129,"column":0},"end":{"line":129,"column":30}},"129":{"start":{"line":130,"column":0},"end":{"line":130,"column":16}},"130":{"start":{"line":131,"column":0},"end":{"line":131,"column":28}},"131":{"start":{"line":132,"column":0},"end":{"line":132,"column":42}},"132":{"start":{"line":133,"column":0},"end":{"line":133,"column":35}},"133":{"start":{"line":134,"column":0},"end":{"line":134,"column":8}},"135":{"start":{"line":136,"column":0},"end":{"line":136,"column":13}},"136":{"start":{"line":137,"column":0},"end":{"line":137,"column":21}},"137":{"start":{"line":138,"column":0},"end":{"line":138,"column":29}},"138":{"start":{"line":139,"column":0},"end":{"line":139,"column":28}},"139":{"start":{"line":140,"column":0},"end":{"line":140,"column":29}},"140":{"start":{"line":141,"column":0},"end":{"line":141,"column":32}},"141":{"start":{"line":142,"column":0},"end":{"line":142,"column":7}},"143":{"start":{"line":144,"column":0},"end":{"line":144,"column":15}},"144":{"start":{"line":145,"column":0},"end":{"line":145,"column":11}},"146":{"start":{"line":147,"column":0},"end":{"line":147,"column":2}},"148":{"start":{"line":149,"column":0},"end":{"line":149,"column":33}}},"s":{"0":1,"1":1,"2":1,"3":1,"4":1,"5":1,"7":1,"8":1,"9":1,"10":1,"11":1,"12":1,"13":1,"14":1,"15":1,"16":1,"17":1,"19":1,"21":1,"22":1,"23":1,"24":0,"25":0,"26":1,"28":1,"29":0,"30":0,"31":0,"32":0,"33":0,"34":0,"35":0,"36":0,"37":0,"38":0,"39":0,"41":1,"42":0,"44":0,"45":0,"46":0,"48":0,"49":0,"51":0,"53":0,"54":0,"55":0,"56":0,"57":0,"59":0,"61":0,"62":0,"63":0,"64":0,"65":0,"66":0,"67":0,"68":0,"69":0,"70":0,"72":1,"73":0,"74":0,"75":0,"76":0,"77":0,"79":0,"81":1,"82":1,"83":1,"84":1,"85":1,"86":1,"87":1,"88":1,"89":1,"90":1,"91":1,"92":1,"93":1,"94":1,"96":1,"97":1,"98":1,"99":1,"100":1,"101":1,"102":1,"103":1,"104":1,"105":1,"106":1,"108":1,"109":1,"110":1,"111":1,"112":1,"113":1,"114":1,"115":1,"116":1,"117":1,"118":1,"119":1,"121":1,"122":1,"123":1,"124":1,"125":1,"126":1,"127":1,"128":1,"129":1,"130":1,"131":1,"132":1,"133":1,"135":1,"136":1,"137":1,"138":1,"139":1,"140":1,"141":1,"143":1,"144":1,"146":1,"148":1},"branchMap":{"0":{"type":"branch","line":8,"loc":{"start":{"line":8,"column":36},"end":{"line":147,"column":2}},"locations":[{"start":{"line":8,"column":36},"end":{"line":147,"column":2}}]},"1":{"type":"branch","line":73,"loc":{"start":{"line":73,"column":15},"end":{"line":80,"column":3}},"locations":[{"start":{"line":73,"column":15},"end":{"line":80,"column":3}}]},"2":{"type":"branch","line":20,"loc":{"start":{"line":20,"column":12},"end":{"line":27,"column":5}},"locations":[{"start":{"line":20,"column":12},"end":{"line":27,"column":5}}]},"3":{"type":"branch","line":24,"loc":{"start":{"line":24,"column":20},"end":{"line":26,"column":5}},"locations":[{"start":{"line":24,"column":20},"end":{"line":26,"column":5}}]}},"b":{"0":[1],"1":[0],"2":[1],"3":[0]},"fnMap":{"0":{"name":"ResetPasswordForm","decl":{"start":{"line":8,"column":36},"end":{"line":147,"column":2}},"loc":{"start":{"line":8,"column":36},"end":{"line":147,"column":2}},"line":8},"1":{"name":"validatePassword","decl":{"start":{"line":29,"column":27},"end":{"line":40,"column":4}},"loc":{"start":{"line":29,"column":27},"end":{"line":40,"column":4}},"line":29},"2":{"name":"handleSubmit","decl":{"start":{"line":42,"column":23},"end":{"line":71,"column":4}},"loc":{"start":{"line":42,"column":23},"end":{"line":71,"column":4}},"line":42},"3":{"name":"onChange","decl":{"start":{"line":90,"column":18},"end":{"line":90,"column":50}},"loc":{"start":{"line":90,"column":18},"end":{"line":90,"column":50}},"line":90},"4":{"name":"onChange","decl":{"start":{"line":103,"column":18},"end":{"line":103,"column":49}},"loc":{"start":{"line":103,"column":18},"end":{"line":103,"column":49}},"line":103},"5":{"name":"onChange","decl":{"start":{"line":115,"column":18},"end":{"line":115,"column":53}},"loc":{"start":{"line":115,"column":18},"end":{"line":115,"column":53}},"line":115},"6":{"name":"onChange","decl":{"start":{"line":128,"column":18},"end":{"line":128,"column":60}},"loc":{"start":{"line":128,"column":18},"end":{"line":128,"column":60}},"line":128}},"f":{"0":1,"1":0,"2":0,"3":0,"4":0,"5":0,"6":0}}
,"/Users/yassine/Code/train-web-app/src/common/components/navigation/Navigation.tsx": {"path":"/Users/yassine/Code/train-web-app/src/common/components/navigation/Navigation.tsx","all":true,"statementMap":{"0":{"start":{"line":1,"column":0},"end":{"line":1,"column":45}},"1":{"start":{"line":2,"column":0},"end":{"line":2,"column":44}},"2":{"start":{"line":3,"column":0},"end":{"line":3,"column":78}},"3":{"start":{"line":4,"column":0},"end":{"line":4,"column":47}},"4":{"start":{"line":5,"column":0},"end":{"line":5,"column":57}},"5":{"start":{"line":6,"column":0},"end":{"line":6,"column":59}},"6":{"start":{"line":7,"column":0},"end":{"line":7,"column":49}},"12":{"start":{"line":13,"column":0},"end":{"line":13,"column":53}},"13":{"start":{"line":14,"column":0},"end":{"line":14,"column":47}},"15":{"start":{"line":16,"column":0},"end":{"line":16,"column":19}},"17":{"start":{"line":18,"column":0},"end":{"line":18,"column":35}},"18":{"start":{"line":19,"column":0},"end":{"line":19,"column":11}},"20":{"start":{"line":21,"column":0},"end":{"line":21,"column":26}},"21":{"start":{"line":22,"column":0},"end":{"line":22,"column":23}},"22":{"start":{"line":23,"column":0},"end":{"line":23,"column":50}},"23":{"start":{"line":24,"column":0},"end":{"line":24,"column":26}},"24":{"start":{"line":25,"column":0},"end":{"line":25,"column":7}},"25":{"start":{"line":26,"column":0},"end":{"line":26,"column":6}},"27":{"start":{"line":28,"column":0},"end":{"line":28,"column":16}},"28":{"start":{"line":29,"column":0},"end":{"line":29,"column":9}},"30":{"start":{"line":31,"column":0},"end":{"line":31,"column":16}},"31":{"start":{"line":32,"column":0},"end":{"line":32,"column":33}},"32":{"start":{"line":33,"column":0},"end":{"line":33,"column":3}},"34":{"start":{"line":35,"column":0},"end":{"line":35,"column":10}},"35":{"start":{"line":36,"column":0},"end":{"line":36,"column":12}},"36":{"start":{"line":37,"column":0},"end":{"line":37,"column":31}},"37":{"start":{"line":38,"column":0},"end":{"line":38,"column":24}},"38":{"start":{"line":39,"column":0},"end":{"line":39,"column":23}},"39":{"start":{"line":40,"column":0},"end":{"line":40,"column":25}},"40":{"start":{"line":41,"column":0},"end":{"line":41,"column":10}},"41":{"start":{"line":42,"column":0},"end":{"line":42,"column":36}},"42":{"start":{"line":43,"column":0},"end":{"line":43,"column":19}},"43":{"start":{"line":44,"column":0},"end":{"line":44,"column":39}},"44":{"start":{"line":45,"column":0},"end":{"line":45,"column":20}},"45":{"start":{"line":46,"column":0},"end":{"line":46,"column":10}},"46":{"start":{"line":47,"column":0},"end":{"line":47,"column":39}},"47":{"start":{"line":48,"column":0},"end":{"line":48,"column":19}},"48":{"start":{"line":49,"column":0},"end":{"line":49,"column":42}},"49":{"start":{"line":50,"column":0},"end":{"line":50,"column":20}},"50":{"start":{"line":51,"column":0},"end":{"line":51,"column":10}},"51":{"start":{"line":52,"column":0},"end":{"line":52,"column":46}},"52":{"start":{"line":53,"column":0},"end":{"line":53,"column":19}},"53":{"start":{"line":54,"column":0},"end":{"line":54,"column":49}},"54":{"start":{"line":55,"column":0},"end":{"line":55,"column":20}},"55":{"start":{"line":56,"column":0},"end":{"line":56,"column":10}},"56":{"start":{"line":57,"column":0},"end":{"line":57,"column":45}},"57":{"start":{"line":58,"column":0},"end":{"line":58,"column":28}},"58":{"start":{"line":59,"column":0},"end":{"line":59,"column":48}},"59":{"start":{"line":60,"column":0},"end":{"line":60,"column":29}},"60":{"start":{"line":61,"column":0},"end":{"line":61,"column":10}},"61":{"start":{"line":62,"column":0},"end":{"line":62,"column":59}},"62":{"start":{"line":63,"column":0},"end":{"line":63,"column":69}},"63":{"start":{"line":64,"column":0},"end":{"line":64,"column":13}},"65":{"start":{"line":66,"column":0},"end":{"line":66,"column":2}},"67":{"start":{"line":68,"column":0},"end":{"line":68,"column":26}}},"s":{"0":0,"1":0,"2":0,"3":0,"4":0,"5":0,"6":0,"12":0,"13":0,"15":0,"17":0,"18":0,"20":0,"21":0,"22":0,"23":0,"24":0,"25":0,"27":0,"28":0,"30":0,"31":0,"32":0,"34":0,"35":0,"36":0,"37":0,"38":0,"39":0,"40":0,"41":0,"42":0,"43":0,"44":0,"45":0,"46":0,"47":0,"48":0,"49":0,"50":0,"51":0,"52":0,"53":0,"54":0,"55":0,"56":0,"57":0,"58":0,"59":0,"60":0,"61":0,"62":0,"63":0,"65":0,"67":0},"branchMap":{"0":{"type":"branch","line":1,"loc":{"start":{"line":1,"column":1886},"end":{"line":68,"column":26}},"locations":[{"start":{"line":1,"column":1886},"end":{"line":68,"column":26}}]}},"b":{"0":[0]},"fnMap":{"0":{"name":"(empty-report)","decl":{"start":{"line":1,"column":1886},"end":{"line":68,"column":26}},"loc":{"start":{"line":1,"column":1886},"end":{"line":68,"column":26}},"line":1}},"f":{"0":0}}
,"/Users/yassine/Code/train-web-app/src/common/components/navigation/RouteGuards.tsx": {"path":"/Users/yassine/Code/train-web-app/src/common/components/navigation/RouteGuards.tsx","all":true,"statementMap":{"1":{"start":{"line":2,"column":0},"end":{"line":2,"column":53}},"2":{"start":{"line":3,"column":0},"end":{"line":3,"column":60}},"5":{"start":{"line":6,"column":0},"end":{"line":6,"column":76}},"6":{"start":{"line":7,"column":0},"end":{"line":7,"column":56}},"8":{"start":{"line":9,"column":0},"end":{"line":9,"column":25}},"9":{"start":{"line":10,"column":0},"end":{"line":10,"column":44}},"10":{"start":{"line":11,"column":0},"end":{"line":11,"column":3}},"12":{"start":{"line":13,"column":0},"end":{"line":13,"column":18}},"13":{"start":{"line":14,"column":0},"end":{"line":14,"column":2}},"16":{"start":{"line":17,"column":0},"end":{"line":17,"column":71}},"17":{"start":{"line":18,"column":0},"end":{"line":18,"column":56}},"19":{"start":{"line":20,"column":0},"end":{"line":20,"column":24}},"20":{"start":{"line":21,"column":0},"end":{"line":21,"column":39}},"21":{"start":{"line":22,"column":0},"end":{"line":22,"column":3}},"23":{"start":{"line":24,"column":0},"end":{"line":24,"column":18}},"24":{"start":{"line":25,"column":0},"end":{"line":25,"column":2}},"27":{"start":{"line":28,"column":0},"end":{"line":28,"column":80}},"28":{"start":{"line":29,"column":0},"end":{"line":29,"column":33}},"29":{"start":{"line":30,"column":0},"end":{"line":30,"column":59}},"30":{"start":{"line":31,"column":0},"end":{"line":31,"column":41}},"31":{"start":{"line":32,"column":0},"end":{"line":32,"column":56}},"34":{"start":{"line":35,"column":0},"end":{"line":35,"column":15}},"35":{"start":{"line":36,"column":0},"end":{"line":36,"column":54}},"36":{"start":{"line":37,"column":0},"end":{"line":37,"column":3}},"39":{"start":{"line":40,"column":0},"end":{"line":40,"column":24}},"40":{"start":{"line":41,"column":0},"end":{"line":41,"column":39}},"41":{"start":{"line":42,"column":0},"end":{"line":42,"column":3}},"43":{"start":{"line":44,"column":0},"end":{"line":44,"column":18}},"44":{"start":{"line":45,"column":0},"end":{"line":45,"column":2}}},"s":{"1":0,"2":0,"5":0,"6":0,"8":0,"9":0,"10":0,"12":0,"13":0,"16":0,"17":0,"19":0,"20":0,"21":0,"23":0,"24":0,"27":0,"28":0,"29":0,"30":0,"31":0,"34":0,"35":0,"36":0,"39":0,"40":0,"41":0,"43":0,"44":0},"branchMap":{"0":{"type":"branch","line":1,"loc":{"start":{"line":1,"column":1405},"end":{"line":45,"column":2}},"locations":[{"start":{"line":1,"column":1405},"end":{"line":45,"column":2}}]}},"b":{"0":[1]},"fnMap":{"0":{"name":"(empty-report)","decl":{"start":{"line":1,"column":1405},"end":{"line":45,"column":2}},"loc":{"start":{"line":1,"column":1405},"end":{"line":45,"column":2}},"line":1}},"f":{"0":1}}
,"/Users/yassine/Code/train-web-app/src/common/components/ui/AuthCard.tsx": {"path":"/Users/yassine/Code/train-web-app/src/common/components/ui/AuthCard.tsx","all":false,"statementMap":{"1":{"start":{"line":2,"column":0},"end":{"line":2,"column":45}},"2":{"start":{"line":3,"column":0},"end":{"line":3,"column":31}},"11":{"start":{"line":12,"column":0},"end":{"line":12,"column":44}},"12":{"start":{"line":13,"column":0},"end":{"line":13,"column":8}},"13":{"start":{"line":14,"column":0},"end":{"line":14,"column":11}},"14":{"start":{"line":15,"column":0},"end":{"line":15,"column":11}},"15":{"start":{"line":16,"column":0},"end":{"line":16,"column":9}},"16":{"start":{"line":17,"column":0},"end":{"line":17,"column":7}},"17":{"start":{"line":18,"column":0},"end":{"line":18,"column":10}},"18":{"start":{"line":19,"column":0},"end":{"line":19,"column":36}},"19":{"start":{"line":20,"column":0},"end":{"line":20,"column":43}},"20":{"start":{"line":21,"column":0},"end":{"line":21,"column":59}},"21":{"start":{"line":22,"column":0},"end":{"line":22,"column":12}},"23":{"start":{"line":24,"column":0},"end":{"line":24,"column":35}},"24":{"start":{"line":25,"column":0},"end":{"line":25,"column":47}},"25":{"start":{"line":26,"column":0},"end":{"line":26,"column":65}},"26":{"start":{"line":27,"column":0},"end":{"line":27,"column":12}},"28":{"start":{"line":29,"column":0},"end":{"line":29,"column":36}},"29":{"start":{"line":30,"column":0},"end":{"line":30,"column":18}},"30":{"start":{"line":31,"column":0},"end":{"line":31,"column":12}},"32":{"start":{"line":33,"column":0},"end":{"line":33,"column":18}},"33":{"start":{"line":34,"column":0},"end":{"line":34,"column":37}},"34":{"start":{"line":35,"column":0},"end":{"line":35,"column":18}},"35":{"start":{"line":36,"column":0},"end":{"line":36,"column":14}},"37":{"start":{"line":38,"column":0},"end":{"line":38,"column":10}},"39":{"start":{"line":40,"column":0},"end":{"line":40,"column":2}},"41":{"start":{"line":42,"column":0},"end":{"line":42,"column":24}}},"s":{"1":1,"2":1,"11":1,"12":7,"13":7,"14":7,"15":7,"16":7,"17":7,"18":7,"19":7,"20":7,"21":7,"23":7,"24":7,"25":7,"26":7,"28":7,"29":7,"30":7,"32":7,"33":1,"34":1,"35":1,"37":7,"39":7,"41":1},"branchMap":{"0":{"type":"branch","line":12,"loc":{"start":{"line":12,"column":42},"end":{"line":40,"column":2}},"locations":[{"start":{"line":12,"column":42},"end":{"line":40,"column":2}}]},"1":{"type":"branch","line":26,"loc":{"start":{"line":26,"column":9},"end":{"line":26,"column":65}},"locations":[{"start":{"line":26,"column":9},"end":{"line":26,"column":65}}]},"2":{"type":"branch","line":33,"loc":{"start":{"line":33,"column":7},"end":{"line":36,"column":14}},"locations":[{"start":{"line":33,"column":7},"end":{"line":36,"column":14}}]}},"b":{"0":[7],"1":[1],"2":[1]},"fnMap":{"0":{"name":"AuthCard","decl":{"start":{"line":12,"column":42},"end":{"line":40,"column":2}},"loc":{"start":{"line":12,"column":42},"end":{"line":40,"column":2}},"line":12}},"f":{"0":7}}
,"/Users/yassine/Code/train-web-app/src/common/components/ui/Button.tsx": {"path":"/Users/yassine/Code/train-web-app/src/common/components/ui/Button.tsx","all":false,"statementMap":{"1":{"start":{"line":2,"column":0},"end":{"line":2,"column":29}},"14":{"start":{"line":15,"column":0},"end":{"line":15,"column":40}},"15":{"start":{"line":16,"column":0},"end":{"line":16,"column":18}},"16":{"start":{"line":17,"column":0},"end":{"line":17,"column":10}},"17":{"start":{"line":18,"column":0},"end":{"line":18,"column":19}},"18":{"start":{"line":19,"column":0},"end":{"line":19,"column":20}},"19":{"start":{"line":20,"column":0},"end":{"line":20,"column":17}},"20":{"start":{"line":21,"column":0},"end":{"line":21,"column":11}},"21":{"start":{"line":22,"column":0},"end":{"line":22,"column":22}},"22":{"start":{"line":23,"column":0},"end":{"line":23,"column":8}},"23":{"start":{"line":24,"column":0},"end":{"line":24,"column":7}},"24":{"start":{"line":25,"column":0},"end":{"line":25,"column":29}},"25":{"start":{"line":26,"column":0},"end":{"line":26,"column":43}},"26":{"start":{"line":27,"column":0},"end":{"line":27,"column":57}},"27":{"start":{"line":28,"column":0},"end":{"line":28,"column":91}},"29":{"start":{"line":30,"column":0},"end":{"line":30,"column":10}},"30":{"start":{"line":31,"column":0},"end":{"line":31,"column":11}},"31":{"start":{"line":32,"column":0},"end":{"line":32,"column":17}},"32":{"start":{"line":33,"column":0},"end":{"line":33,"column":23}},"33":{"start":{"line":34,"column":0},"end":{"line":34,"column":38}},"34":{"start":{"line":35,"column":0},"end":{"line":35,"column":31}},"35":{"start":{"line":36,"column":0},"end":{"line":36,"column":26}},"37":{"start":{"line":38,"column":0},"end":{"line":38,"column":43}},"38":{"start":{"line":39,"column":0},"end":{"line":39,"column":13}},"40":{"start":{"line":41,"column":0},"end":{"line":41,"column":2}},"42":{"start":{"line":43,"column":0},"end":{"line":43,"column":22}}},"s":{"1":1,"14":1,"15":15,"16":15,"17":15,"18":15,"19":15,"20":15,"21":15,"22":15,"23":15,"24":15,"25":15,"26":15,"27":15,"29":15,"30":15,"31":15,"32":15,"33":15,"34":15,"35":15,"37":15,"38":15,"40":15,"42":1},"branchMap":{"0":{"type":"branch","line":15,"loc":{"start":{"line":15,"column":38},"end":{"line":41,"column":2}},"locations":[{"start":{"line":15,"column":38},"end":{"line":41,"column":2}}]},"1":{"type":"branch","line":27,"loc":{"start":{"line":27,"column":23},"end":{"line":27,"column":54}},"locations":[{"start":{"line":27,"column":23},"end":{"line":27,"column":54}}]},"2":{"type":"branch","line":27,"loc":{"start":{"line":27,"column":35},"end":{"line":27,"column":57}},"locations":[{"start":{"line":27,"column":35},"end":{"line":27,"column":57}}]},"3":{"type":"branch","line":34,"loc":{"start":{"line":34,"column":16},"end":{"line":34,"column":38}},"locations":[{"start":{"line":34,"column":16},"end":{"line":34,"column":38}}]},"4":{"type":"branch","line":38,"loc":{"start":{"line":38,"column":7},"end":{"line":38,"column":34}},"locations":[{"start":{"line":38,"column":7},"end":{"line":38,"column":34}}]},"5":{"type":"branch","line":38,"loc":{"start":{"line":38,"column":19},"end":{"line":38,"column":43}},"locations":[{"start":{"line":38,"column":19},"end":{"line":38,"column":43}}]}},"b":{"0":[15],"1":[1],"2":[14],"3":[14],"4":[1],"5":[14]},"fnMap":{"0":{"name":"Button","decl":{"start":{"line":15,"column":38},"end":{"line":41,"column":2}},"loc":{"start":{"line":15,"column":38},"end":{"line":41,"column":2}},"line":15}},"f":{"0":15}}
,"/Users/yassine/Code/train-web-app/src/common/components/ui/Checkbox.tsx": {"path":"/Users/yassine/Code/train-web-app/src/common/components/ui/Checkbox.tsx","all":false,"statementMap":{"1":{"start":{"line":2,"column":0},"end":{"line":2,"column":31}},"12":{"start":{"line":13,"column":0},"end":{"line":13,"column":44}},"13":{"start":{"line":14,"column":0},"end":{"line":14,"column":5}},"14":{"start":{"line":15,"column":0},"end":{"line":15,"column":8}},"15":{"start":{"line":16,"column":0},"end":{"line":16,"column":10}},"16":{"start":{"line":17,"column":0},"end":{"line":17,"column":11}},"17":{"start":{"line":18,"column":0},"end":{"line":18,"column":19}},"18":{"start":{"line":19,"column":0},"end":{"line":19,"column":8}},"19":{"start":{"line":20,"column":0},"end":{"line":20,"column":7}},"20":{"start":{"line":21,"column":0},"end":{"line":21,"column":10}},"21":{"start":{"line":22,"column":0},"end":{"line":22,"column":42}},"22":{"start":{"line":23,"column":0},"end":{"line":23,"column":12}},"23":{"start":{"line":24,"column":0},"end":{"line":24,"column":23}},"24":{"start":{"line":25,"column":0},"end":{"line":25,"column":15}},"25":{"start":{"line":26,"column":0},"end":{"line":26,"column":25}},"26":{"start":{"line":27,"column":0},"end":{"line":27,"column":27}},"27":{"start":{"line":28,"column":0},"end":{"line":28,"column":27}},"28":{"start":{"line":29,"column":0},"end":{"line":29,"column":28}},"29":{"start":{"line":30,"column":0},"end":{"line":30,"column":8}},"30":{"start":{"line":31,"column":0},"end":{"line":31,"column":40}},"31":{"start":{"line":32,"column":0},"end":{"line":32,"column":53}},"32":{"start":{"line":33,"column":0},"end":{"line":33,"column":12}},"34":{"start":{"line":35,"column":0},"end":{"line":35,"column":2}},"36":{"start":{"line":37,"column":0},"end":{"line":37,"column":24}}},"s":{"1":1,"12":1,"13":8,"14":8,"15":8,"16":8,"17":8,"18":8,"19":8,"20":8,"21":8,"22":8,"23":8,"24":8,"25":8,"26":8,"27":8,"28":8,"29":8,"30":8,"31":8,"32":8,"34":8,"36":1},"branchMap":{"0":{"type":"branch","line":13,"loc":{"start":{"line":13,"column":42},"end":{"line":35,"column":2}},"locations":[{"start":{"line":13,"column":42},"end":{"line":35,"column":2}}]}},"b":{"0":[8]},"fnMap":{"0":{"name":"Checkbox","decl":{"start":{"line":13,"column":42},"end":{"line":35,"column":2}},"loc":{"start":{"line":13,"column":42},"end":{"line":35,"column":2}},"line":13}},"f":{"0":8}}
,"/Users/yassine/Code/train-web-app/src/common/components/ui/Form.tsx": {"path":"/Users/yassine/Code/train-web-app/src/common/components/ui/Form.tsx","all":false,"statementMap":{"1":{"start":{"line":2,"column":0},"end":{"line":2,"column":27}},"11":{"start":{"line":12,"column":0},"end":{"line":12,"column":36}},"12":{"start":{"line":13,"column":0},"end":{"line":13,"column":11}},"13":{"start":{"line":14,"column":0},"end":{"line":14,"column":11}},"14":{"start":{"line":15,"column":0},"end":{"line":15,"column":17}},"15":{"start":{"line":16,"column":0},"end":{"line":16,"column":8}},"16":{"start":{"line":17,"column":0},"end":{"line":17,"column":10}},"17":{"start":{"line":18,"column":0},"end":{"line":18,"column":7}},"18":{"start":{"line":19,"column":0},"end":{"line":19,"column":10}},"19":{"start":{"line":20,"column":0},"end":{"line":20,"column":6}},"20":{"start":{"line":21,"column":0},"end":{"line":21,"column":58}},"21":{"start":{"line":22,"column":0},"end":{"line":22,"column":64}},"22":{"start":{"line":23,"column":0},"end":{"line":23,"column":76}},"23":{"start":{"line":24,"column":0},"end":{"line":24,"column":18}},"24":{"start":{"line":25,"column":0},"end":{"line":25,"column":13}},"25":{"start":{"line":26,"column":0},"end":{"line":26,"column":7}},"27":{"start":{"line":28,"column":0},"end":{"line":28,"column":2}},"29":{"start":{"line":30,"column":0},"end":{"line":30,"column":20}}},"s":{"1":1,"11":1,"12":10,"13":10,"14":10,"15":10,"16":10,"17":10,"18":10,"19":10,"20":10,"21":10,"22":10,"23":10,"24":10,"25":10,"27":10,"29":1},"branchMap":{"0":{"type":"branch","line":12,"loc":{"start":{"line":12,"column":34},"end":{"line":28,"column":2}},"locations":[{"start":{"line":12,"column":34},"end":{"line":28,"column":2}}]},"1":{"type":"branch","line":21,"loc":{"start":{"line":21,"column":7},"end":{"line":21,"column":58}},"locations":[{"start":{"line":21,"column":7},"end":{"line":21,"column":58}}]},"2":{"type":"branch","line":22,"loc":{"start":{"line":22,"column":7},"end":{"line":22,"column":64}},"locations":[{"start":{"line":22,"column":7},"end":{"line":22,"column":64}}]}},"b":{"0":[10],"1":[2],"2":[2]},"fnMap":{"0":{"name":"Form","decl":{"start":{"line":12,"column":34},"end":{"line":28,"column":2}},"loc":{"start":{"line":12,"column":34},"end":{"line":28,"column":2}},"line":12}},"f":{"0":10}}
,"/Users/yassine/Code/train-web-app/src/common/components/ui/SocialButton.tsx": {"path":"/Users/yassine/Code/train-web-app/src/common/components/ui/SocialButton.tsx","all":false,"statementMap":{"1":{"start":{"line":2,"column":0},"end":{"line":2,"column":35}},"12":{"start":{"line":13,"column":0},"end":{"line":13,"column":52}},"13":{"start":{"line":14,"column":0},"end":{"line":14,"column":11}},"14":{"start":{"line":15,"column":0},"end":{"line":15,"column":10}},"15":{"start":{"line":16,"column":0},"end":{"line":16,"column":19}},"16":{"start":{"line":17,"column":0},"end":{"line":17,"column":20}},"17":{"start":{"line":18,"column":0},"end":{"line":18,"column":11}},"18":{"start":{"line":19,"column":0},"end":{"line":19,"column":8}},"19":{"start":{"line":20,"column":0},"end":{"line":20,"column":7}},"20":{"start":{"line":21,"column":0},"end":{"line":21,"column":25}},"21":{"start":{"line":22,"column":0},"end":{"line":22,"column":23}},"22":{"start":{"line":23,"column":0},"end":{"line":23,"column":20}},"23":{"start":{"line":24,"column":0},"end":{"line":24,"column":16}},"24":{"start":{"line":25,"column":0},"end":{"line":25,"column":124}},"25":{"start":{"line":26,"column":0},"end":{"line":26,"column":335}},"26":{"start":{"line":27,"column":0},"end":{"line":27,"column":16}},"28":{"start":{"line":29,"column":0},"end":{"line":29,"column":22}},"29":{"start":{"line":30,"column":0},"end":{"line":30,"column":16}},"30":{"start":{"line":31,"column":0},"end":{"line":31,"column":124}},"31":{"start":{"line":32,"column":0},"end":{"line":32,"column":172}},"32":{"start":{"line":33,"column":0},"end":{"line":33,"column":16}},"34":{"start":{"line":35,"column":0},"end":{"line":35,"column":19}},"35":{"start":{"line":36,"column":0},"end":{"line":36,"column":16}},"36":{"start":{"line":37,"column":0},"end":{"line":37,"column":124}},"37":{"start":{"line":38,"column":0},"end":{"line":38,"column":424}},"38":{"start":{"line":39,"column":0},"end":{"line":39,"column":16}},"40":{"start":{"line":41,"column":0},"end":{"line":41,"column":14}},"41":{"start":{"line":42,"column":0},"end":{"line":42,"column":20}},"42":{"start":{"line":43,"column":0},"end":{"line":43,"column":5}},"43":{"start":{"line":44,"column":0},"end":{"line":44,"column":4}},"45":{"start":{"line":46,"column":0},"end":{"line":46,"column":25}},"46":{"start":{"line":47,"column":0},"end":{"line":47,"column":20}},"47":{"start":{"line":48,"column":0},"end":{"line":48,"column":32}},"48":{"start":{"line":49,"column":0},"end":{"line":49,"column":45}},"49":{"start":{"line":50,"column":0},"end":{"line":50,"column":30}},"51":{"start":{"line":52,"column":0},"end":{"line":52,"column":10}},"52":{"start":{"line":53,"column":0},"end":{"line":53,"column":11}},"53":{"start":{"line":54,"column":0},"end":{"line":54,"column":23}},"54":{"start":{"line":55,"column":0},"end":{"line":55,"column":31}},"55":{"start":{"line":56,"column":0},"end":{"line":56,"column":38}},"56":{"start":{"line":57,"column":0},"end":{"line":57,"column":19}},"57":{"start":{"line":58,"column":0},"end":{"line":58,"column":26}},"59":{"start":{"line":60,"column":0},"end":{"line":60,"column":31}},"60":{"start":{"line":61,"column":0},"end":{"line":61,"column":30}},"61":{"start":{"line":62,"column":0},"end":{"line":62,"column":13}},"63":{"start":{"line":64,"column":0},"end":{"line":64,"column":2}},"65":{"start":{"line":66,"column":0},"end":{"line":66,"column":28}}},"s":{"1":1,"12":1,"13":9,"14":9,"15":9,"16":9,"17":9,"18":9,"19":9,"20":9,"21":8,"22":8,"23":6,"24":6,"25":6,"26":6,"28":8,"29":1,"30":1,"31":1,"32":1,"34":8,"35":1,"36":1,"37":1,"38":1,"40":8,"41":0,"42":8,"43":8,"45":9,"46":9,"47":9,"48":9,"49":9,"51":9,"52":9,"53":9,"54":9,"55":9,"56":9,"57":9,"59":9,"60":9,"61":9,"63":9,"65":1},"branchMap":{"0":{"type":"branch","line":13,"loc":{"start":{"line":13,"column":50},"end":{"line":64,"column":2}},"locations":[{"start":{"line":13,"column":50},"end":{"line":64,"column":2}}]},"1":{"type":"branch","line":49,"loc":{"start":{"line":49,"column":4},"end":{"line":49,"column":42}},"locations":[{"start":{"line":49,"column":4},"end":{"line":49,"column":42}}]},"2":{"type":"branch","line":49,"loc":{"start":{"line":49,"column":16},"end":{"line":49,"column":45}},"locations":[{"start":{"line":49,"column":16},"end":{"line":49,"column":45}}]},"3":{"type":"branch","line":56,"loc":{"start":{"line":56,"column":16},"end":{"line":56,"column":38}},"locations":[{"start":{"line":56,"column":16},"end":{"line":56,"column":38}}]},"4":{"type":"branch","line":60,"loc":{"start":{"line":60,"column":8},"end":{"line":60,"column":31}},"locations":[{"start":{"line":60,"column":8},"end":{"line":60,"column":31}}]},"5":{"type":"branch","line":61,"loc":{"start":{"line":61,"column":8},"end":{"line":61,"column":30}},"locations":[{"start":{"line":61,"column":8},"end":{"line":61,"column":30}}]},"6":{"type":"branch","line":21,"loc":{"start":{"line":21,"column":18},"end":{"line":44,"column":4}},"locations":[{"start":{"line":21,"column":18},"end":{"line":44,"column":4}}]},"7":{"type":"branch","line":23,"loc":{"start":{"line":23,"column":6},"end":{"line":27,"column":16}},"locations":[{"start":{"line":23,"column":6},"end":{"line":27,"column":16}}]},"8":{"type":"branch","line":29,"loc":{"start":{"line":29,"column":6},"end":{"line":33,"column":16}},"locations":[{"start":{"line":29,"column":6},"end":{"line":33,"column":16}}]},"9":{"type":"branch","line":35,"loc":{"start":{"line":35,"column":6},"end":{"line":39,"column":16}},"locations":[{"start":{"line":35,"column":6},"end":{"line":39,"column":16}}]},"10":{"type":"branch","line":41,"loc":{"start":{"line":41,"column":6},"end":{"line":42,"column":20}},"locations":[{"start":{"line":41,"column":6},"end":{"line":42,"column":20}}]}},"b":{"0":[9],"1":[1],"2":[8],"3":[8],"4":[8],"5":[8],"6":[8],"7":[6],"8":[1],"9":[1],"10":[0]},"fnMap":{"0":{"name":"SocialButton","decl":{"start":{"line":13,"column":50},"end":{"line":64,"column":2}},"loc":{"start":{"line":13,"column":50},"end":{"line":64,"column":2}},"line":13},"1":{"name":"getIcon","decl":{"start":{"line":21,"column":18},"end":{"line":44,"column":4}},"loc":{"start":{"line":21,"column":18},"end":{"line":44,"column":4}},"line":21}},"f":{"0":9,"1":8}}
[...]
,"/Users/yassine/Code/train-web-app/src/services/authService.tsx": {"path":"/Users/yassine/Code/train-web-app/src/services/authService.tsx","all":false,"statementMap":{"0":{"start":{"line":1,"column":0},"end":{"line":1,"column":9}},"5":{"start":{"line":6,"column":0},"end":{"line":6,"column":46}},"6":{"start":{"line":7,"column":0},"end":{"line":7,"column":32}},"14":{"start":{"line":15,"column":0},"end":{"line":15,"column":48}},"16":{"start":{"line":17,"column":0},"end":{"line":17,"column":47}},"18":{"start":{"line":19,"column":0},"end":{"line":19,"column":30}},"19":{"start":{"line":20,"column":0},"end":{"line":20,"column":46}},"20":{"start":{"line":21,"column":0},"end":{"line":21,"column":11}},"21":{"start":{"line":22,"column":0},"end":{"line":22,"column":81}},"22":{"start":{"line":23,"column":0},"end":{"line":23,"column":146}},"23":{"start":{"line":24,"column":0},"end":{"line":24,"column":29}},"24":{"start":{"line":25,"column":0},"end":{"line":25,"column":23}},"25":{"start":{"line":26,"column":0},"end":{"line":26,"column":56}},"26":{"start":{"line":27,"column":0},"end":{"line":27,"column":20}},"27":{"start":{"line":28,"column":0},"end":{"line":28,"column":7}},"28":{"start":{"line":29,"column":0},"end":{"line":29,"column":6}},"30":{"start":{"line":31,"column":0},"end":{"line":31,"column":53}},"31":{"start":{"line":32,"column":0},"end":{"line":32,"column":11}},"32":{"start":{"line":33,"column":0},"end":{"line":33,"column":83}},"33":{"start":{"line":34,"column":0},"end":{"line":34,"column":146}},"34":{"start":{"line":35,"column":0},"end":{"line":35,"column":29}},"35":{"start":{"line":36,"column":0},"end":{"line":36,"column":23}},"36":{"start":{"line":37,"column":0},"end":{"line":37,"column":55}},"37":{"start":{"line":38,"column":0},"end":{"line":38,"column":20}},"38":{"start":{"line":39,"column":0},"end":{"line":39,"column":7}},"39":{"start":{"line":40,"column":0},"end":{"line":40,"column":6}},"41":{"start":{"line":42,"column":0},"end":{"line":42,"column":70}},"42":{"start":{"line":43,"column":0},"end":{"line":43,"column":11}},"43":{"start":{"line":44,"column":0},"end":{"line":44,"column":74}},"44":{"start":{"line":45,"column":0},"end":{"line":45,"column":23}},"45":{"start":{"line":46,"column":0},"end":{"line":46,"column":65}},"46":{"start":{"line":47,"column":0},"end":{"line":47,"column":20}},"47":{"start":{"line":48,"column":0},"end":{"line":48,"column":7}},"48":{"start":{"line":49,"column":0},"end":{"line":49,"column":6}},"50":{"start":{"line":51,"column":0},"end":{"line":51,"column":72}},"51":{"start":{"line":52,"column":0},"end":{"line":52,"column":11}},"52":{"start":{"line":53,"column":0},"end":{"line":53,"column":76}},"53":{"start":{"line":54,"column":0},"end":{"line":54,"column":23}},"54":{"start":{"line":55,"column":0},"end":{"line":55,"column":68}},"55":{"start":{"line":56,"column":0},"end":{"line":56,"column":20}},"56":{"start":{"line":57,"column":0},"end":{"line":57,"column":7}},"57":{"start":{"line":58,"column":0},"end":{"line":58,"column":6}},"60":{"start":{"line":61,"column":0},"end":{"line":61,"column":30}},"61":{"start":{"line":62,"column":0},"end":{"line":62,"column":11}},"62":{"start":{"line":63,"column":0},"end":{"line":63,"column":50}},"63":{"start":{"line":64,"column":0},"end":{"line":64,"column":38}},"64":{"start":{"line":65,"column":0},"end":{"line":65,"column":34}},"65":{"start":{"line":66,"column":0},"end":{"line":66,"column":11}},"66":{"start":{"line":67,"column":0},"end":{"line":67,"column":61}},"69":{"start":{"line":70,"column":0},"end":{"line":70,"column":55}},"72":{"start":{"line":73,"column":0},"end":{"line":73,"column":72}},"73":{"start":{"line":74,"column":0},"end":{"line":74,"column":40}},"74":{"start":{"line":75,"column":0},"end":{"line":75,"column":46}},"75":{"start":{"line":76,"column":0},"end":{"line":76,"column":12}},"76":{"start":{"line":77,"column":0},"end":{"line":77,"column":20}},"77":{"start":{"line":78,"column":0},"end":{"line":78,"column":46}},"78":{"start":{"line":79,"column":0},"end":{"line":79,"column":11}},"79":{"start":{"line":80,"column":0},"end":{"line":80,"column":11}},"82":{"start":{"line":83,"column":0},"end":{"line":83,"column":146}},"84":{"start":{"line":85,"column":0},"end":{"line":85,"column":29}},"85":{"start":{"line":86,"column":0},"end":{"line":86,"column":23}},"86":{"start":{"line":87,"column":0},"end":{"line":87,"column":62}},"87":{"start":{"line":88,"column":0},"end":{"line":88,"column":20}},"88":{"start":{"line":89,"column":0},"end":{"line":89,"column":7}},"89":{"start":{"line":90,"column":0},"end":{"line":90,"column":6}},"92":{"start":{"line":93,"column":0},"end":{"line":93,"column":87}},"93":{"start":{"line":94,"column":0},"end":{"line":94,"column":11}},"94":{"start":{"line":95,"column":0},"end":{"line":95,"column":43}},"95":{"start":{"line":96,"column":0},"end":{"line":96,"column":25}},"96":{"start":{"line":97,"column":0},"end":{"line":97,"column":20}},"97":{"start":{"line":98,"column":0},"end":{"line":98,"column":47}},"98":{"start":{"line":99,"column":0},"end":{"line":99,"column":46}},"99":{"start":{"line":100,"column":0},"end":{"line":100,"column":12}},"100":{"start":{"line":101,"column":0},"end":{"line":101,"column":41}},"101":{"start":{"line":102,"column":0},"end":{"line":102,"column":11}},"103":{"start":{"line":104,"column":0},"end":{"line":104,"column":27}},"104":{"start":{"line":105,"column":0},"end":{"line":105,"column":51}},"105":{"start":{"line":106,"column":0},"end":{"line":106,"column":9}},"107":{"start":{"line":108,"column":0},"end":{"line":108,"column":43}},"110":{"start":{"line":111,"column":0},"end":{"line":111,"column":101}},"112":{"start":{"line":113,"column":0},"end":{"line":113,"column":20}},"113":{"start":{"line":114,"column":0},"end":{"line":114,"column":23}},"114":{"start":{"line":115,"column":0},"end":{"line":115,"column":67}},"115":{"start":{"line":116,"column":0},"end":{"line":116,"column":20}},"116":{"start":{"line":117,"column":0},"end":{"line":117,"column":7}},"117":{"start":{"line":118,"column":0},"end":{"line":118,"column":6}},"120":{"start":{"line":121,"column":0},"end":{"line":121,"column":48}},"123":{"start":{"line":124,"column":0},"end":{"line":124,"column":37}},"124":{"start":{"line":125,"column":0},"end":{"line":125,"column":15}},"125":{"start":{"line":126,"column":0},"end":{"line":126,"column":68}},"126":{"start":{"line":127,"column":0},"end":{"line":127,"column":40}},"128":{"start":{"line":129,"column":0},"end":{"line":129,"column":39}},"129":{"start":{"line":130,"column":0},"end":{"line":130,"column":34}},"130":{"start":{"line":131,"column":0},"end":{"line":131,"column":75}},"131":{"start":{"line":132,"column":0},"end":{"line":132,"column":31}},"132":{"start":{"line":133,"column":0},"end":{"line":133,"column":11}},"133":{"start":{"line":134,"column":0},"end":{"line":134,"column":9}},"134":{"start":{"line":135,"column":0},"end":{"line":135,"column":6}},"137":{"start":{"line":138,"column":0},"end":{"line":138,"column":22}},"138":{"start":{"line":139,"column":0},"end":{"line":139,"column":48}},"139":{"start":{"line":140,"column":0},"end":{"line":140,"column":44}},"140":{"start":{"line":141,"column":0},"end":{"line":141,"column":6}},"143":{"start":{"line":144,"column":0},"end":{"line":144,"column":23}},"144":{"start":{"line":145,"column":0},"end":{"line":145,"column":45}},"145":{"start":{"line":146,"column":0},"end":{"line":146,"column":5}},"146":{"start":{"line":147,"column":0},"end":{"line":147,"column":4}}},"s":{"0":1,"5":1,"6":1,"14":1,"16":1,"18":1,"19":1,"20":2,"21":2,"22":1,"23":1,"24":1,"25":1,"26":1,"27":1,"28":2,"30":1,"31":2,"32":2,"33":1,"34":1,"35":1,"36":1,"37":1,"38":1,"39":2,"41":1,"42":2,"43":2,"44":1,"45":1,"46":1,"47":1,"48":2,"50":1,"51":2,"52":2,"53":1,"54":1,"55":1,"56":1,"57":2,"60":1,"61":2,"62":2,"63":2,"64":2,"65":2,"66":2,"69":1,"72":1,"73":1,"74":1,"75":1,"76":1,"77":1,"78":1,"79":1,"82":1,"84":1,"85":1,"86":1,"87":1,"88":1,"89":2,"92":1,"93":3,"94":3,"95":3,"96":3,"97":3,"98":3,"99":3,"100":3,"101":3,"103":3,"104":1,"105":1,"107":1,"110":1,"112":1,"113":3,"114":2,"115":2,"116":2,"117":3,"120":1,"123":3,"124":2,"125":2,"126":1,"128":1,"129":1,"130":1,"131":1,"132":1,"133":2,"134":3,"137":1,"138":2,"139":2,"140":2,"143":1,"144":5,"145":5,"146":1},"branchMap":{"0":{"type":"branch","line":20,"loc":{"start":{"line":20,"column":4},"end":{"line":29,"column":6}},"locations":[{"start":{"line":20,"column":4},"end":{"line":29,"column":6}}]},"1":{"type":"branch","line":22,"loc":{"start":{"line":22,"column":79},"end":{"line":28,"column":7}},"locations":[{"start":{"line":22,"column":79},"end":{"line":28,"column":7}}]},"2":{"type":"branch","line":31,"loc":{"start":{"line":31,"column":4},"end":{"line":40,"column":6}},"locations":[{"start":{"line":31,"column":4},"end":{"line":40,"column":6}}]},"3":{"type":"branch","line":33,"loc":{"start":{"line":33,"column":81},"end":{"line":39,"column":7}},"locations":[{"start":{"line":33,"column":81},"end":{"line":39,"column":7}}]},"4":{"type":"branch","line":42,"loc":{"start":{"line":42,"column":4},"end":{"line":49,"column":6}},"locations":[{"start":{"line":42,"column":4},"end":{"line":49,"column":6}}]},"5":{"type":"branch","line":44,"loc":{"start":{"line":44,"column":72},"end":{"line":48,"column":7}},"locations":[{"start":{"line":44,"column":72},"end":{"line":48,"column":7}}]},"6":{"type":"branch","line":51,"loc":{"start":{"line":51,"column":4},"end":{"line":58,"column":6}},"locations":[{"start":{"line":51,"column":4},"end":{"line":58,"column":6}}]},"7":{"type":"branch","line":53,"loc":{"start":{"line":53,"column":74},"end":{"line":57,"column":7}},"locations":[{"start":{"line":53,"column":74},"end":{"line":57,"column":7}}]},"8":{"type":"branch","line":61,"loc":{"start":{"line":61,"column":4},"end":{"line":90,"column":6}},"locations":[{"start":{"line":61,"column":4},"end":{"line":90,"column":6}}]},"9":{"type":"branch","line":67,"loc":{"start":{"line":67,"column":59},"end":{"line":89,"column":7}},"locations":[{"start":{"line":67,"column":59},"end":{"line":89,"column":7}}]},"10":{"type":"branch","line":93,"loc":{"start":{"line":93,"column":4},"end":{"line":118,"column":6}},"locations":[{"start":{"line":93,"column":4},"end":{"line":118,"column":6}}]},"11":{"type":"branch","line":102,"loc":{"start":{"line":102,"column":9},"end":{"line":104,"column":26}},"locations":[{"start":{"line":102,"column":9},"end":{"line":104,"column":26}}]},"12":{"type":"branch","line":104,"loc":{"start":{"line":104,"column":26},"end":{"line":114,"column":15}},"locations":[{"start":{"line":104,"column":26},"end":{"line":114,"column":15}}]},"13":{"type":"branch","line":114,"loc":{"start":{"line":114,"column":6},"end":{"line":117,"column":7}},"locations":[{"start":{"line":114,"column":6},"end":{"line":117,"column":7}}]},"14":{"type":"branch","line":121,"loc":{"start":{"line":121,"column":4},"end":{"line":135,"column":6}},"locations":[{"start":{"line":121,"column":4},"end":{"line":135,"column":6}}]},"15":{"type":"branch","line":124,"loc":{"start":{"line":124,"column":36},"end":{"line":134,"column":9}},"locations":[{"start":{"line":124,"column":36},"end":{"line":134,"column":9}}]},"16":{"type":"branch","line":126,"loc":{"start":{"line":126,"column":66},"end":{"line":133,"column":11}},"locations":[{"start":{"line":126,"column":66},"end":{"line":133,"column":11}}]},"17":{"type":"branch","line":138,"loc":{"start":{"line":138,"column":4},"end":{"line":141,"column":6}},"locations":[{"start":{"line":138,"column":4},"end":{"line":141,"column":6}}]},"18":{"type":"branch","line":140,"loc":{"start":{"line":140,"column":13},"end":{"line":140,"column":39}},"locations":[{"start":{"line":140,"column":13},"end":{"line":140,"column":39}}]},"19":{"type":"branch","line":140,"loc":{"start":{"line":140,"column":35},"end":{"line":140,"column":44}},"locations":[{"start":{"line":140,"column":35},"end":{"line":140,"column":44}}]},"20":{"type":"branch","line":144,"loc":{"start":{"line":144,"column":4},"end":{"line":146,"column":5}},"locations":[{"start":{"line":144,"column":4},"end":{"line":146,"column":5}}]}},"b":{"0":[2],"1":[1],"2":[2],"3":[1],"4":[2],"5":[1],"6":[2],"7":[1],"8":[2],"9":[1],"10":[3],"11":[2],"12":[1],"13":[2],"14":[3],"15":[2],"16":[1],"17":[2],"18":[1],"19":[1],"20":[5]},"fnMap":{"0":{"name":"register","decl":{"start":{"line":20,"column":4},"end":{"line":29,"column":6}},"loc":{"start":{"line":20,"column":4},"end":{"line":29,"column":6}},"line":20},"1":{"name":"login","decl":{"start":{"line":31,"column":4},"end":{"line":40,"column":6}},"loc":{"start":{"line":31,"column":4},"end":{"line":40,"column":6}},"line":31},"2":{"name":"requestPasswordReset","decl":{"start":{"line":42,"column":4},"end":{"line":49,"column":6}},"loc":{"start":{"line":42,"column":4},"end":{"line":49,"column":6}},"line":42},"3":{"name":"resetPasswordWithCode","decl":{"start":{"line":51,"column":4},"end":{"line":58,"column":6}},"loc":{"start":{"line":51,"column":4},"end":{"line":58,"column":6}},"line":51},"4":{"name":"signInWithGoogle","decl":{"start":{"line":61,"column":4},"end":{"line":90,"column":6}},"loc":{"start":{"line":61,"column":4},"end":{"line":90,"column":6}},"line":61},"5":{"name":"authenticateWithProvider","decl":{"start":{"line":93,"column":4},"end":{"line":118,"column":6}},"loc":{"start":{"line":93,"column":4},"end":{"line":118,"column":6}},"line":93},"6":{"name":"logout","decl":{"start":{"line":121,"column":4},"end":{"line":135,"column":6}},"loc":{"start":{"line":121,"column":4},"end":{"line":135,"column":6}},"line":121},"7":{"name":"getCurrentUser","decl":{"start":{"line":138,"column":4},"end":{"line":141,"column":6}},"loc":{"start":{"line":138,"column":4},"end":{"line":141,"column":6}},"line":138},"8":{"name":"isAuthenticated","decl":{"start":{"line":144,"column":4},"end":{"line":146,"column":5}},"loc":{"start":{"line":144,"column":4},"end":{"line":146,"column":5}},"line":144}},"f":{"0":2,"1":2,"2":2,"3":2,"4":2,"5":3,"6":3,"7":2,"8":5}}
,"/Users/yassine/Code/train-web-app/src/services/tokenService.ts": {"path":"/Users/yassine/Code/train-web-app/src/services/tokenService.ts","all":false,"statementMap":{"0":{"start":{"line":1,"column":0},"end":{"line":1,"column":36}},"2":{"start":{"line":3,"column":0},"end":{"line":3,"column":29}},"3":{"start":{"line":4,"column":0},"end":{"line":4,"column":104}},"4":{"start":{"line":5,"column":0},"end":{"line":5,"column":53}},"5":{"start":{"line":6,"column":0},"end":{"line":6,"column":55}},"6":{"start":{"line":7,"column":0},"end":{"line":7,"column":49}},"7":{"start":{"line":8,"column":0},"end":{"line":8,"column":13}},"8":{"start":{"line":9,"column":0},"end":{"line":9,"column":15}},"9":{"start":{"line":10,"column":0},"end":{"line":10,"column":10}},"10":{"start":{"line":11,"column":0},"end":{"line":11,"column":7}},"11":{"start":{"line":12,"column":0},"end":{"line":12,"column":4}},"13":{"start":{"line":14,"column":0},"end":{"line":14,"column":20}},"14":{"start":{"line":15,"column":0},"end":{"line":15,"column":47}},"15":{"start":{"line":16,"column":0},"end":{"line":16,"column":4}},"17":{"start":{"line":18,"column":0},"end":{"line":18,"column":21}},"18":{"start":{"line":19,"column":0},"end":{"line":19,"column":48}},"19":{"start":{"line":20,"column":0},"end":{"line":20,"column":4}},"21":{"start":{"line":22,"column":0},"end":{"line":22,"column":17}},"22":{"start":{"line":23,"column":0},"end":{"line":23,"column":54}},"23":{"start":{"line":24,"column":0},"end":{"line":24,"column":20}},"24":{"start":{"line":25,"column":0},"end":{"line":25,"column":37}},"25":{"start":{"line":26,"column":0},"end":{"line":26,"column":5}},"26":{"start":{"line":27,"column":0},"end":{"line":27,"column":20}},"27":{"start":{"line":28,"column":0},"end":{"line":28,"column":4}},"29":{"start":{"line":30,"column":0},"end":{"line":30,"column":13}},"30":{"start":{"line":31,"column":0},"end":{"line":31,"column":40}},"31":{"start":{"line":32,"column":0},"end":{"line":32,"column":4}},"33":{"start":{"line":34,"column":0},"end":{"line":34,"column":17}},"34":{"start":{"line":35,"column":0},"end":{"line":35,"column":43}},"35":{"start":{"line":36,"column":0},"end":{"line":36,"column":44}},"36":{"start":{"line":37,"column":0},"end":{"line":37,"column":40}},"37":{"start":{"line":38,"column":0},"end":{"line":38,"column":36}},"38":{"start":{"line":39,"column":0},"end":{"line":39,"column":4}},"40":{"start":{"line":41,"column":0},"end":{"line":41,"column":30}},"41":{"start":{"line":42,"column":0},"end":{"line":42,"column":30}},"42":{"start":{"line":43,"column":0},"end":{"line":43,"column":47}},"43":{"start":{"line":44,"column":0},"end":{"line":44,"column":20}},"44":{"start":{"line":45,"column":0},"end":{"line":45,"column":3}},"45":{"start":{"line":46,"column":0},"end":{"line":46,"column":1}}},"s":{"0":1,"2":1,"3":1,"4":1,"5":1,"6":1,"7":1,"8":1,"9":1,"10":1,"11":1,"13":1,"14":2,"15":2,"17":1,"18":2,"19":2,"21":1,"22":2,"23":2,"24":1,"25":1,"26":1,"27":2,"29":1,"30":2,"31":2,"33":1,"34":1,"35":1,"36":1,"37":1,"38":1,"40":1,"41":2,"42":2,"43":2,"44":2,"45":1},"branchMap":{"0":{"type":"branch","line":4,"loc":{"start":{"line":4,"column":2},"end":{"line":12,"column":4}},"locations":[{"start":{"line":4,"column":2},"end":{"line":12,"column":4}}]},"1":{"type":"branch","line":14,"loc":{"start":{"line":14,"column":2},"end":{"line":16,"column":4}},"locations":[{"start":{"line":14,"column":2},"end":{"line":16,"column":4}}]},"2":{"type":"branch","line":18,"loc":{"start":{"line":18,"column":2},"end":{"line":20,"column":4}},"locations":[{"start":{"line":18,"column":2},"end":{"line":20,"column":4}}]},"3":{"type":"branch","line":22,"loc":{"start":{"line":22,"column":2},"end":{"line":28,"column":4}},"locations":[{"start":{"line":22,"column":2},"end":{"line":28,"column":4}}]},"4":{"type":"branch","line":24,"loc":{"start":{"line":24,"column":19},"end":{"line":27,"column":20}},"locations":[{"start":{"line":24,"column":19},"end":{"line":27,"column":20}}]},"5":{"type":"branch","line":30,"loc":{"start":{"line":30,"column":2},"end":{"line":32,"column":4}},"locations":[{"start":{"line":30,"column":2},"end":{"line":32,"column":4}}]},"6":{"type":"branch","line":34,"loc":{"start":{"line":34,"column":2},"end":{"line":39,"column":4}},"locations":[{"start":{"line":34,"column":2},"end":{"line":39,"column":4}}]},"7":{"type":"branch","line":41,"loc":{"start":{"line":41,"column":2},"end":{"line":45,"column":3}},"locations":[{"start":{"line":41,"column":2},"end":{"line":45,"column":3}}]}},"b":{"0":[1],"1":[2],"2":[2],"3":[2],"4":[1],"5":[2],"6":[1],"7":[2]},"fnMap":{"0":{"name":"setTokens","decl":{"start":{"line":4,"column":2},"end":{"line":12,"column":4}},"loc":{"start":{"line":4,"column":2},"end":{"line":12,"column":4}},"line":4},"1":{"name":"getAccessToken","decl":{"start":{"line":14,"column":2},"end":{"line":16,"column":4}},"loc":{"start":{"line":14,"column":2},"end":{"line":16,"column":4}},"line":14},"2":{"name":"getRefreshToken","decl":{"start":{"line":18,"column":2},"end":{"line":20,"column":4}},"loc":{"start":{"line":18,"column":2},"end":{"line":20,"column":4}},"line":18},"3":{"name":"getDeviceId","decl":{"start":{"line":22,"column":2},"end":{"line":28,"column":4}},"loc":{"start":{"line":22,"column":2},"end":{"line":28,"column":4}},"line":22},"4":{"name":"getUser","decl":{"start":{"line":30,"column":2},"end":{"line":32,"column":4}},"loc":{"start":{"line":30,"column":2},"end":{"line":32,"column":4}},"line":30},"5":{"name":"clearTokens","decl":{"start":{"line":34,"column":2},"end":{"line":39,"column":4}},"loc":{"start":{"line":34,"column":2},"end":{"line":39,"column":4}},"line":34},"6":{"name":"generateDeviceId","decl":{"start":{"line":41,"column":2},"end":{"line":45,"column":3}},"loc":{"start":{"line":41,"column":2},"end":{"line":45,"column":3}},"line":41}},"f":{"0":1,"1":2,"2":2,"3":2,"4":2,"5":1,"6":2}}
}
