TN:
SF:src/App.tsx
FN:1,(empty-report)
FNF:1
FNH:0
FNDA:0,(empty-report)
DA:1,0
DA:2,0
DA:4,0
DA:5,0
DA:6,0
DA:7,0
DA:8,0
DA:10,0
DA:12,0
LF:9
LH:0
BRDA:1,0,0,0
BRF:1
BRH:0
end_of_record
TN:
SF:src/main.tsx
FN:1,(empty-report)
FNF:1
FNH:0
FNDA:0,(empty-report)
DA:1,0
DA:2,0
DA:3,0
DA:4,0
DA:6,0
DA:8,0
DA:9,0
DA:10,0
DA:11,0
DA:12,0
LF:10
LH:0
BRDA:1,0,0,0
BRF:1
BRH:0
end_of_record
TN:
SF:src/common/components/ContentView.tsx
FN:8,ContentView
FNF:1
FNH:1
FNDA:1,ContentView
DA:2,1
DA:8,1
DA:9,1
DA:10,1
DA:11,1
DA:12,1
DA:14,1
DA:16,1
LF:8
LH:8
BRDA:8,0,0,1
BRF:1
BRH:1
end_of_record
TN:
SF:src/common/components/Sidebar.tsx
FN:25,Sidebar
FN:37,handleClickOutside
FN:52,handleTabClick
FN:61,toggleSidebar
FN:65,handleSignOut
FNF:5
FNH:1
FNDA:1,Sidebar
FNDA:0,handleClickOutside
FNDA:0,handleTabClick
FNDA:0,toggleSidebar
FNDA:0,handleSignOut
DA:1,1
DA:2,1
DA:3,1
DA:4,1
DA:5,1
DA:6,1
DA:8,1
DA:25,1
DA:26,1
DA:27,1
DA:28,1
DA:29,1
DA:30,1
DA:31,1
DA:32,1
DA:33,1
DA:34,1
DA:36,1
DA:37,1
DA:38,0
DA:39,0
DA:40,0
DA:41,0
DA:43,1
DA:44,0
DA:45,0
DA:47,1
DA:48,1
DA:49,1
DA:50,1
DA:52,1
DA:53,0
DA:54,0
DA:56,0
DA:57,0
DA:58,0
DA:59,0
DA:61,1
DA:62,0
DA:63,0
DA:65,1
DA:66,0
DA:67,0
DA:68,0
DA:69,0
DA:70,0
DA:71,0
DA:72,0
DA:73,0
DA:74,0
DA:75,0
DA:76,0
DA:77,0
DA:78,0
DA:79,0
DA:80,0
DA:82,1
DA:83,1
DA:84,1
DA:85,1
DA:86,1
DA:87,1
DA:88,1
DA:89,1
DA:90,1
DA:91,1
DA:92,1
DA:93,0
DA:94,0
DA:95,0
DA:96,0
DA:97,0
DA:99,0
DA:100,0
DA:101,0
DA:102,1
DA:103,1
DA:104,1
DA:105,1
DA:106,1
DA:107,1
DA:108,1
DA:109,1
DA:110,1
DA:111,1
DA:112,1
DA:114,1
DA:116,1
LF:88
LH:51
BRDA:25,0,0,1
BRDA:31,1,0,0
BRDA:87,2,0,0
BRDA:106,3,0,0
BRDA:109,4,0,0
BRDA:36,5,0,1
BRDA:43,6,0,0
BRDA:47,7,0,1
BRF:8
BRH:3
end_of_record
TN:
SF:src/common/components/forms/ForgotPasswordForm.tsx
FN:8,ForgotPasswordForm
FN:14,handleSubmit
FN:42,onChange
FNF:3
FNH:1
FNDA:1,ForgotPasswordForm
FNDA:0,handleSubmit
FNDA:0,onChange
DA:1,1
DA:2,1
DA:3,1
DA:4,1
DA:5,1
DA:6,1
DA:8,1
DA:9,1
DA:10,1
DA:11,1
DA:12,1
DA:14,1
DA:15,0
DA:16,0
DA:17,0
DA:19,0
DA:20,0
DA:21,0
DA:22,0
DA:23,0
DA:24,0
DA:25,0
DA:26,0
DA:27,0
DA:28,0
DA:30,1
DA:31,1
DA:32,1
DA:34,1
DA:36,1
DA:37,1
DA:38,1
DA:39,1
DA:40,1
DA:41,1
DA:42,1
DA:43,1
DA:44,1
DA:45,1
DA:46,1
DA:47,1
DA:49,1
DA:50,1
DA:51,1
DA:52,1
DA:53,1
DA:54,1
DA:55,1
DA:57,1
DA:58,1
DA:60,1
DA:62,1
LF:52
LH:39
BRDA:8,0,0,1
BRF:1
BRH:1
end_of_record
TN:
SF:src/common/components/forms/LoginForm.tsx
FN:15,LoginForm
FN:25,handleSignIn
FN:54,handleSubmit
FN:68,onChange
FN:81,onChange
FN:94,onChange
FN:116,onClick
FNF:7
FNH:1
FNDA:1,LoginForm
FNDA:0,handleSignIn
FNDA:0,handleSubmit
FNDA:0,onChange
FNDA:0,onChange
FNDA:0,onChange
FNDA:0,onClick
DA:1,1
DA:2,1
DA:3,1
DA:4,1
DA:5,1
DA:6,1
DA:7,1
DA:8,1
DA:9,1
DA:15,1
DA:16,1
DA:17,1
DA:18,1
DA:19,1
DA:20,1
DA:21,1
DA:22,1
DA:23,1
DA:25,1
DA:26,0
DA:27,0
DA:28,0
DA:30,0
DA:32,0
DA:33,0
DA:34,0
DA:35,0
DA:36,0
DA:37,0
DA:38,0
DA:39,0
DA:40,0
DA:41,0
DA:42,0
DA:44,0
DA:45,0
DA:46,0
DA:47,0
DA:48,0
DA:49,0
DA:50,0
DA:51,0
DA:52,0
DA:54,1
DA:55,0
DA:56,0
DA:57,0
DA:59,1
DA:60,1
DA:61,1
DA:62,1
DA:63,1
DA:64,1
DA:65,1
DA:66,1
DA:67,1
DA:68,1
DA:69,1
DA:70,1
DA:71,1
DA:72,1
DA:73,1
DA:75,1
DA:76,1
DA:77,1
DA:78,1
DA:79,1
DA:80,1
DA:81,1
DA:82,1
DA:83,1
DA:84,1
DA:85,1
DA:86,1
DA:88,1
DA:89,1
DA:90,1
DA:91,1
DA:92,1
DA:93,1
DA:94,1
DA:95,1
DA:96,1
DA:97,1
DA:98,1
DA:100,1
DA:101,1
DA:102,1
DA:103,1
DA:104,1
DA:105,1
DA:106,1
DA:108,1
DA:109,1
DA:111,1
DA:112,1
DA:113,1
DA:114,1
DA:115,1
DA:116,1
DA:117,1
DA:118,1
DA:119,1
DA:120,1
DA:121,1
DA:123,1
DA:125,1
LF:107
LH:80
BRDA:15,0,0,1
BRDA:22,1,0,0
BRDA:118,2,0,0
BRF:3
BRH:1
end_of_record
TN:
SF:src/common/components/forms/RegistrationForm.tsx
FN:12,RegistrationForm
FN:23,validatePassword
FN:36,handleSubmit
FN:72,handleSignUpWithGoogle
FN:97,onChange
FN:110,onChange
FN:123,onChange
FN:137,onChange
FN:155,onChange
FNF:9
FNH:1
FNDA:1,RegistrationForm
FNDA:0,validatePassword
FNDA:0,handleSubmit
FNDA:0,handleSignUpWithGoogle
FNDA:0,onChange
FNDA:0,onChange
FNDA:0,onChange
FNDA:0,onChange
FNDA:0,onChange
DA:1,1
DA:2,1
DA:3,1
DA:4,1
DA:5,1
DA:6,1
DA:7,1
DA:8,1
DA:9,1
DA:12,1
DA:13,1
DA:14,1
DA:15,1
DA:16,1
DA:17,1
DA:18,1
DA:19,1
DA:20,1
DA:21,1
DA:23,1
DA:24,0
DA:25,0
DA:26,0
DA:27,0
DA:28,0
DA:29,0
DA:30,0
DA:31,0
DA:32,0
DA:33,0
DA:34,0
DA:36,1
DA:37,0
DA:39,0
DA:40,0
DA:41,0
DA:43,0
DA:44,0
DA:45,0
DA:46,0
DA:48,0
DA:49,0
DA:51,0
DA:53,0
DA:54,0
DA:55,0
DA:56,0
DA:57,0
DA:58,0
DA:61,0
DA:62,0
DA:63,0
DA:64,0
DA:65,0
DA:66,0
DA:67,0
DA:68,0
DA:69,0
DA:70,0
DA:72,1
DA:73,0
DA:74,0
DA:75,0
DA:77,0
DA:78,0
DA:79,0
DA:80,0
DA:81,0
DA:82,0
DA:83,0
DA:84,0
DA:85,0
DA:86,0
DA:88,1
DA:89,1
DA:90,1
DA:91,1
DA:92,1
DA:93,1
DA:94,1
DA:95,1
DA:96,1
DA:97,1
DA:98,1
DA:99,1
DA:100,1
DA:101,1
DA:102,1
DA:104,1
DA:105,1
DA:106,1
DA:107,1
DA:108,1
DA:109,1
DA:110,1
DA:111,1
DA:112,1
DA:113,1
DA:114,1
DA:115,1
DA:117,1
DA:118,1
DA:119,1
DA:120,1
DA:121,1
DA:122,1
DA:123,1
DA:124,1
DA:125,1
DA:126,1
DA:127,1
DA:128,1
DA:129,1
DA:131,1
DA:132,1
DA:133,1
DA:134,1
DA:135,1
DA:136,1
DA:137,1
DA:138,1
DA:139,1
DA:140,1
DA:141,1
DA:142,1
DA:143,1
DA:145,1
DA:146,1
DA:147,1
DA:148,1
DA:149,1
DA:150,1
DA:151,1
DA:152,1
DA:154,1
DA:155,1
DA:156,1
DA:157,1
DA:158,1
DA:160,1
DA:161,1
DA:162,1
DA:163,1
DA:164,1
DA:165,1
DA:166,1
DA:168,1
DA:169,1
DA:171,1
DA:172,1
DA:173,1
DA:174,1
DA:175,1
DA:176,1
DA:177,1
DA:178,1
DA:179,1
DA:180,1
DA:181,1
DA:183,1
DA:185,1
LF:161
LH:110
BRDA:12,0,0,1
BRDA:178,1,0,0
BRF:2
BRH:1
end_of_record
TN:
SF:src/common/components/forms/ResetPasswordForm.tsx
FN:8,ResetPasswordForm
FN:29,validatePassword
FN:42,handleSubmit
FN:90,onChange
FN:103,onChange
FN:115,onChange
FN:128,onChange
FNF:7
FNH:1
FNDA:1,ResetPasswordForm
FNDA:0,validatePassword
FNDA:0,handleSubmit
FNDA:0,onChange
FNDA:0,onChange
FNDA:0,onChange
FNDA:0,onChange
DA:1,1
DA:2,1
DA:3,1
DA:4,1
DA:5,1
DA:6,1
DA:8,1
DA:9,1
DA:10,1
DA:11,1
DA:12,1
DA:13,1
DA:14,1
DA:15,1
DA:16,1
DA:17,1
DA:18,1
DA:20,1
DA:22,1
DA:23,1
DA:24,1
DA:25,0
DA:26,0
DA:27,1
DA:29,1
DA:30,0
DA:31,0
DA:32,0
DA:33,0
DA:34,0
DA:35,0
DA:36,0
DA:37,0
DA:38,0
DA:39,0
DA:40,0
DA:42,1
DA:43,0
DA:45,0
DA:46,0
DA:47,0
DA:49,0
DA:50,0
DA:52,0
DA:54,0
DA:55,0
DA:56,0
DA:57,0
DA:58,0
DA:60,0
DA:62,0
DA:63,0
DA:64,0
DA:65,0
DA:66,0
DA:67,0
DA:68,0
DA:69,0
DA:70,0
DA:71,0
DA:73,1
DA:74,0
DA:75,0
DA:76,0
DA:77,0
DA:78,0
DA:80,0
DA:82,1
DA:83,1
DA:84,1
DA:85,1
DA:86,1
DA:87,1
DA:88,1
DA:89,1
DA:90,1
DA:91,1
DA:92,1
DA:93,1
DA:94,1
DA:95,1
DA:97,1
DA:98,1
DA:99,1
DA:100,1
DA:101,1
DA:102,1
DA:103,1
DA:104,1
DA:105,1
DA:106,1
DA:107,1
DA:109,1
DA:110,1
DA:111,1
DA:112,1
DA:113,1
DA:114,1
DA:115,1
DA:116,1
DA:117,1
DA:118,1
DA:119,1
DA:120,1
DA:122,1
DA:123,1
DA:124,1
DA:125,1
DA:126,1
DA:127,1
DA:128,1
DA:129,1
DA:130,1
DA:131,1
DA:132,1
DA:133,1
DA:134,1
DA:136,1
DA:137,1
DA:138,1
DA:139,1
DA:140,1
DA:141,1
DA:142,1
DA:144,1
DA:145,1
DA:147,1
DA:149,1
LF:128
LH:86
BRDA:8,0,0,1
BRDA:73,1,0,0
BRDA:20,2,0,1
BRDA:24,3,0,0
BRF:4
BRH:2
end_of_record
TN:
SF:src/common/components/navigation/Navigation.tsx
FN:1,(empty-report)
FNF:1
FNH:0
FNDA:0,(empty-report)
DA:1,0
DA:2,0
DA:3,0
DA:4,0
DA:5,0
DA:6,0
DA:7,0
DA:13,0
DA:14,0
DA:16,0
DA:18,0
DA:19,0
DA:21,0
DA:22,0
DA:23,0
DA:24,0
DA:25,0
DA:26,0
DA:28,0
DA:29,0
DA:31,0
DA:32,0
DA:33,0
DA:35,0
DA:36,0
DA:37,0
DA:38,0
DA:39,0
DA:40,0
DA:41,0
DA:42,0
DA:43,0
DA:44,0
DA:45,0
DA:46,0
DA:47,0
DA:48,0
DA:49,0
DA:50,0
DA:51,0
DA:52,0
DA:53,0
DA:54,0
DA:55,0
DA:56,0
DA:57,0
DA:58,0
DA:59,0
DA:60,0
DA:61,0
DA:62,0
DA:63,0
DA:64,0
DA:66,0
DA:68,0
LF:55
LH:0
BRDA:1,0,0,0
BRF:1
BRH:0
end_of_record
TN:
SF:src/common/components/navigation/RouteGuards.tsx
FN:1,(empty-report)
FNF:1
FNH:1
FNDA:1,(empty-report)
DA:2,0
DA:3,0
DA:6,0
DA:7,0
DA:9,0
DA:10,0
DA:11,0
DA:13,0
DA:14,0
DA:17,0
DA:18,0
DA:20,0
DA:21,0
DA:22,0
DA:24,0
DA:25,0
DA:28,0
DA:29,0
DA:30,0
DA:31,0
DA:32,0
DA:35,0
DA:36,0
DA:37,0
DA:40,0
DA:41,0
DA:42,0
DA:44,0
DA:45,0
LF:29
LH:0
BRDA:1,0,0,1
BRF:1
BRH:1
end_of_record
TN:
SF:src/common/components/ui/AuthCard.tsx
FN:12,AuthCard
FNF:1
FNH:1
FNDA:7,AuthCard
DA:2,1
DA:3,1
DA:12,1
DA:13,7
DA:14,7
DA:15,7
DA:16,7
DA:17,7
DA:18,7
DA:19,7
DA:20,7
DA:21,7
DA:22,7
DA:24,7
DA:25,7
DA:26,7
DA:27,7
DA:29,7
DA:30,7
DA:31,7
DA:33,7
DA:34,1
DA:35,1
DA:36,1
DA:38,7
DA:40,7
DA:42,1
LF:27
LH:27
BRDA:12,0,0,7
BRDA:26,1,0,1
BRDA:33,2,0,1
BRF:3
BRH:3
end_of_record
TN:
SF:src/common/components/ui/Button.tsx
FN:15,Button
FNF:1
FNH:1
FNDA:15,Button
DA:2,1
DA:15,1
DA:16,15
DA:17,15
DA:18,15
DA:19,15
DA:20,15
DA:21,15
DA:22,15
DA:23,15
DA:24,15
DA:25,15
DA:26,15
DA:27,15
DA:28,15
DA:30,15
DA:31,15
DA:32,15
DA:33,15
DA:34,15
DA:35,15
DA:36,15
DA:38,15
DA:39,15
DA:41,15
DA:43,1
LF:26
LH:26
BRDA:15,0,0,15
BRDA:27,1,0,1
BRDA:27,2,0,14
BRDA:34,3,0,14
BRDA:38,4,0,1
BRDA:38,5,0,14
BRF:6
BRH:6
end_of_record
TN:
SF:src/common/components/ui/Checkbox.tsx
FN:13,Checkbox
FNF:1
FNH:1
FNDA:8,Checkbox
DA:2,1
DA:13,1
DA:14,8
DA:15,8
DA:16,8
DA:17,8
DA:18,8
DA:19,8
DA:20,8
DA:21,8
DA:22,8
DA:23,8
DA:24,8
DA:25,8
DA:26,8
DA:27,8
DA:28,8
DA:29,8
DA:30,8
DA:31,8
DA:32,8
DA:33,8
DA:35,8
DA:37,1
LF:24
LH:24
BRDA:13,0,0,8
BRF:1
BRH:1
end_of_record
TN:
SF:src/common/components/ui/Form.tsx
FN:12,Form
FNF:1
FNH:1
FNDA:10,Form
DA:2,1
DA:12,1
DA:13,10
DA:14,10
DA:15,10
DA:16,10
DA:17,10
DA:18,10
DA:19,10
DA:20,10
DA:21,10
DA:22,10
DA:23,10
DA:24,10
DA:25,10
DA:26,10
DA:28,10
DA:30,1
LF:18
LH:18
BRDA:12,0,0,10
BRDA:21,1,0,2
BRDA:22,2,0,2
BRF:3
BRH:3
end_of_record
TN:
SF:src/common/components/ui/SocialButton.tsx
FN:13,SocialButton
FN:21,getIcon
FNF:2
FNH:2
FNDA:9,SocialButton
FNDA:8,getIcon
DA:2,1
DA:13,1
DA:14,9
DA:15,9
DA:16,9
DA:17,9
DA:18,9
DA:19,9
DA:20,9
DA:21,9
DA:22,8
DA:23,8
DA:24,6
DA:25,6
DA:26,6
DA:27,6
DA:29,8
DA:30,1
DA:31,1
DA:32,1
DA:33,1
DA:35,8
DA:36,1
DA:37,1
DA:38,1
DA:39,1
DA:41,8
DA:42,0
DA:43,8
DA:44,8
DA:46,9
DA:47,9
DA:48,9
DA:49,9
DA:50,9
DA:52,9
DA:53,9
DA:54,9
DA:55,9
DA:56,9
DA:57,9
DA:58,9
DA:60,9
DA:61,9
DA:62,9
DA:64,9
DA:66,1
LF:47
LH:46
BRDA:13,0,0,9
BRDA:49,1,0,1
BRDA:49,2,0,8
BRDA:56,3,0,8
BRDA:60,4,0,8
BRDA:61,5,0,8
BRDA:21,6,0,8
BRDA:23,7,0,6
BRDA:29,8,0,1
BRDA:35,9,0,1
BRDA:41,10,0,0
BRF:11
BRH:10
end_of_record
TN:
SF:src/common/components/ui/TextInput.tsx
FN:19,TextInput
FN:34,getInputTypeClass
FNF:2
FNH:2
FNDA:19,TextInput
FNDA:19,getInputTypeClass
DA:2,1
DA:19,1
DA:20,19
DA:21,19
DA:22,19
DA:23,19
DA:24,19
DA:25,19
DA:26,19
DA:27,19
DA:28,19
DA:29,19
DA:30,19
DA:31,19
DA:32,19
DA:34,19
DA:35,19
DA:36,19
DA:37,5
DA:38,19
DA:39,5
DA:40,19
DA:41,9
DA:42,19
DA:43,0
DA:44,19
DA:45,19
DA:47,19
DA:48,19
DA:49,19
DA:50,19
DA:51,19
DA:52,19
DA:53,19
DA:54,19
DA:55,19
DA:56,19
DA:57,19
DA:58,19
DA:59,19
DA:60,19
DA:61,19
DA:62,19
DA:63,19
DA:64,19
DA:66,19
DA:68,1
LF:47
LH:46
BRDA:19,0,0,19
BRDA:49,1,0,12
BRDA:61,2,0,1
BRDA:61,3,0,18
BRDA:63,4,0,1
BRDA:34,5,0,19
BRDA:36,6,0,5
BRDA:38,7,0,5
BRDA:40,8,0,9
BRDA:41,9,0,1
BRDA:41,10,0,8
BRDA:42,11,0,0
BRF:12
BRH:11
end_of_record
TN:
SF:src/firebase/firebase.ts
FNF:0
FNH:0
DA:1,1
DA:2,1
DA:4,1
DA:5,1
DA:6,1
DA:7,1
DA:8,1
DA:9,1
DA:10,1
DA:11,1
DA:14,1
DA:15,1
LF:12
LH:12
BRF:0
BRH:0
end_of_record
TN:
SF:src/pages/AuthPage.tsx
FN:1,(empty-report)
FNF:1
FNH:1
FNDA:1,(empty-report)
DA:2,0
DA:3,0
DA:4,0
DA:5,0
DA:6,0
DA:7,0
DA:15,0
DA:16,0
DA:17,0
DA:18,0
DA:20,0
DA:21,0
DA:22,0
DA:23,0
DA:24,0
DA:25,0
DA:26,0
DA:27,0
DA:28,0
DA:29,0
DA:30,0
DA:31,0
DA:32,0
DA:33,0
DA:35,0
DA:36,0
DA:37,0
DA:38,0
DA:39,0
DA:40,0
DA:41,0
DA:42,0
DA:43,0
DA:44,0
DA:45,0
DA:46,0
DA:47,0
DA:48,0
DA:50,0
DA:51,0
DA:52,0
DA:53,0
DA:54,0
DA:55,0
DA:56,0
DA:57,0
DA:59,0
DA:60,0
DA:61,0
DA:62,0
DA:63,0
DA:64,0
DA:65,0
DA:66,0
DA:67,0
DA:69,0
DA:70,0
DA:71,0
DA:72,0
DA:73,0
DA:74,0
DA:75,0
DA:76,0
DA:77,0
DA:78,0
DA:79,0
DA:80,0
DA:81,0
DA:82,0
DA:84,0
DA:85,0
DA:86,0
DA:87,0
DA:88,0
DA:90,0
DA:91,0
DA:93,0
DA:95,0
LF:78
LH:0
BRDA:1,0,0,1
BRF:1
BRH:1
end_of_record
TN:
SF:src/pages/Dashboard.tsx
FN:1,(empty-report)
FNF:1
FNH:0
FNDA:0,(empty-report)
DA:1,0
DA:2,0
DA:3,0
DA:4,0
DA:6,0
DA:7,0
DA:8,0
DA:9,0
DA:10,0
DA:11,0
DA:12,0
DA:14,0
DA:16,0
DA:17,0
DA:18,0
DA:21,0
DA:22,0
DA:23,0
DA:24,0
DA:25,0
DA:26,0
DA:27,0
DA:28,0
DA:30,0
DA:31,0
DA:32,0
DA:33,0
DA:34,0
DA:35,0
DA:37,0
DA:38,0
DA:39,0
DA:40,0
DA:41,0
DA:42,0
DA:44,0
DA:45,0
DA:46,0
DA:47,0
DA:48,0
DA:49,0
DA:51,0
DA:52,0
DA:53,0
DA:54,0
DA:56,0
DA:57,0
DA:58,0
DA:59,0
DA:60,0
DA:61,0
DA:62,0
DA:63,0
DA:64,0
DA:65,0
DA:66,0
DA:68,0
DA:70,0
LF:58
LH:0
BRDA:1,0,0,0
BRF:1
BRH:0
end_of_record
TN:
SF:src/pages/PrivacyPolicy.tsx
FN:1,(empty-report)
FNF:1
FNH:0
FNDA:0,(empty-report)
DA:1,0
DA:3,0
DA:4,0
DA:5,0
DA:6,0
DA:7,0
DA:9,0
DA:10,0
DA:11,0
DA:13,0
DA:14,0
DA:16,0
DA:17,0
DA:19,0
DA:20,0
DA:22,0
DA:23,0
DA:24,0
DA:26,0
DA:27,0
DA:28,0
DA:29,0
DA:30,0
DA:31,0
DA:32,0
DA:33,0
DA:34,0
DA:36,0
DA:37,0
DA:38,0
DA:40,0
DA:41,0
DA:42,0
DA:43,0
DA:44,0
DA:45,0
DA:46,0
DA:47,0
DA:48,0
DA:50,0
DA:51,0
DA:52,0
DA:54,0
DA:55,0
DA:56,0
DA:57,0
DA:58,0
DA:59,0
DA:60,0
DA:61,0
DA:62,0
DA:63,0
DA:64,0
DA:65,0
DA:66,0
DA:68,0
DA:69,0
DA:70,0
DA:71,0
DA:72,0
DA:73,0
DA:75,0
DA:76,0
DA:77,0
DA:78,0
DA:79,0
DA:80,0
DA:81,0
DA:82,0
DA:84,0
DA:85,0
DA:86,0
DA:88,0
DA:89,0
DA:90,0
DA:91,0
DA:92,0
DA:94,0
DA:95,0
DA:96,0
DA:97,0
DA:98,0
DA:99,0
DA:100,0
DA:101,0
DA:102,0
DA:104,0
DA:105,0
DA:107,0
DA:108,0
DA:109,0
DA:111,0
DA:112,0
DA:113,0
DA:114,0
DA:115,0
DA:116,0
DA:117,0
DA:118,0
DA:119,0
DA:121,0
DA:122,0
DA:123,0
DA:125,0
DA:126,0
DA:128,0
DA:129,0
DA:130,0
DA:132,0
DA:133,0
DA:135,0
DA:136,0
DA:137,0
DA:139,0
DA:140,0
DA:141,0
DA:142,0
DA:143,0
DA:144,0
DA:146,0
DA:148,0
DA:149,0
DA:150,0
DA:153,0
LF:124
LH:0
BRDA:1,0,0,0
BRF:1
BRH:0
end_of_record
TN:
SF:src/pages/Terms.tsx
FN:1,(empty-report)
FNF:1
FNH:1
FNDA:1,(empty-report)
LF:0
LH:0
BRDA:1,0,0,1
BRF:1
BRH:1
end_of_record
TN:
SF:src/pages/TermsOfService.tsx
FN:1,(empty-report)
FNF:1
FNH:0
FNDA:0,(empty-report)
DA:1,0
DA:3,0
DA:4,0
DA:5,0
DA:6,0
DA:7,0
DA:9,0
DA:10,0
DA:11,0
DA:13,0
DA:14,0
DA:16,0
DA:17,0
DA:19,0
DA:20,0
DA:22,0
DA:23,0
DA:24,0
DA:26,0
DA:27,0
DA:29,0
DA:30,0
DA:31,0
DA:33,0
DA:34,0
DA:35,0
DA:37,0
DA:38,0
DA:39,0
DA:41,0
DA:42,0
DA:44,0
DA:45,0
DA:47,0
DA:48,0
DA:49,0
DA:50,0
DA:51,0
DA:52,0
DA:53,0
DA:55,0
DA:56,0
DA:57,0
DA:59,0
DA:60,0
DA:61,0
DA:62,0
DA:63,0
DA:64,0
DA:65,0
DA:66,0
DA:67,0
DA:68,0
DA:69,0
DA:70,0
DA:72,0
DA:73,0
DA:74,0
DA:76,0
DA:77,0
DA:79,0
DA:80,0
DA:82,0
DA:83,0
DA:84,0
DA:86,0
DA:87,0
DA:89,0
DA:90,0
DA:92,0
DA:93,0
DA:94,0
DA:96,0
DA:97,0
DA:99,0
DA:100,0
DA:102,0
DA:103,0
DA:104,0
DA:106,0
DA:107,0
DA:108,0
DA:109,0
DA:110,0
DA:111,0
DA:112,0
DA:113,0
DA:115,0
DA:116,0
DA:117,0
DA:119,0
DA:120,0
DA:122,0
DA:123,0
DA:125,0
DA:126,0
DA:127,0
DA:129,0
DA:130,0
DA:132,0
DA:133,0
DA:135,0
DA:136,0
DA:137,0
DA:139,0
DA:140,0
DA:142,0
DA:143,0
DA:145,0
DA:146,0
DA:147,0
DA:149,0
DA:150,0
DA:151,0
DA:152,0
DA:153,0
DA:154,0
DA:156,0
DA:158,0
DA:159,0
DA:160,0
DA:163,0
LF:122
LH:0
BRDA:1,0,0,0
BRF:1
BRH:0
end_of_record
TN:
SF:src/services/apiClient.ts
FNF:0
FNH:0
DA:1,1
DA:2,1
DA:4,1
DA:6,1
DA:7,1
DA:8,1
DA:10,1
DA:11,0
DA:12,0
DA:13,0
DA:14,0
DA:16,1
DA:17,1
DA:18,1
DA:19,0
DA:20,0
DA:21,0
DA:22,0
DA:23,0
DA:24,0
DA:25,0
DA:26,0
DA:27,0
DA:28,0
DA:29,0
DA:31,0
DA:34,0
DA:37,0
DA:38,0
DA:39,0
DA:40,0
DA:41,0
DA:42,0
DA:43,0
DA:44,0
DA:45,1
DA:47,1
LF:37
LH:12
BRF:0
BRH:0
end_of_record
TN:
SF:src/services/authService.tsx
FN:20,register
FN:31,login
FN:42,requestPasswordReset
FN:51,resetPasswordWithCode
FN:61,signInWithGoogle
FN:93,authenticateWithProvider
FN:121,logout
FN:138,getCurrentUser
FN:144,isAuthenticated
FNF:9
FNH:9
FNDA:2,register
FNDA:2,login
FNDA:2,requestPasswordReset
FNDA:2,resetPasswordWithCode
FNDA:2,signInWithGoogle
FNDA:3,authenticateWithProvider
FNDA:3,logout
FNDA:2,getCurrentUser
FNDA:5,isAuthenticated
DA:1,1
DA:6,1
DA:7,1
DA:15,1
DA:17,1
DA:19,1
DA:20,1
DA:21,2
DA:22,2
DA:23,1
DA:24,1
DA:25,1
DA:26,1
DA:27,1
DA:28,1
DA:29,2
DA:31,1
DA:32,2
DA:33,2
DA:34,1
DA:35,1
DA:36,1
DA:37,1
DA:38,1
DA:39,1
DA:40,2
DA:42,1
DA:43,2
DA:44,2
DA:45,1
DA:46,1
DA:47,1
DA:48,1
DA:49,2
DA:51,1
DA:52,2
DA:53,2
DA:54,1
DA:55,1
DA:56,1
DA:57,1
DA:58,2
DA:61,1
DA:62,2
DA:63,2
DA:64,2
DA:65,2
DA:66,2
DA:67,2
DA:70,1
DA:73,1
DA:74,1
DA:75,1
DA:76,1
DA:77,1
DA:78,1
DA:79,1
DA:80,1
DA:83,1
DA:85,1
DA:86,1
DA:87,1
DA:88,1
DA:89,1
DA:90,2
DA:93,1
DA:94,3
DA:95,3
DA:96,3
DA:97,3
DA:98,3
DA:99,3
DA:100,3
DA:101,3
DA:102,3
DA:104,3
DA:105,1
DA:106,1
DA:108,1
DA:111,1
DA:113,1
DA:114,3
DA:115,2
DA:116,2
DA:117,2
DA:118,3
DA:121,1
DA:124,3
DA:125,2
DA:126,2
DA:127,1
DA:129,1
DA:130,1
DA:131,1
DA:132,1
DA:133,1
DA:134,2
DA:135,3
DA:138,1
DA:139,2
DA:140,2
DA:141,2
DA:144,1
DA:145,5
DA:146,5
DA:147,1
LF:106
LH:106
BRDA:20,0,0,2
BRDA:22,1,0,1
BRDA:31,2,0,2
BRDA:33,3,0,1
BRDA:42,4,0,2
BRDA:44,5,0,1
BRDA:51,6,0,2
BRDA:53,7,0,1
BRDA:61,8,0,2
BRDA:67,9,0,1
BRDA:93,10,0,3
BRDA:102,11,0,2
BRDA:104,12,0,1
BRDA:114,13,0,2
BRDA:121,14,0,3
BRDA:124,15,0,2
BRDA:126,16,0,1
BRDA:138,17,0,2
BRDA:140,18,0,1
BRDA:140,19,0,1
BRDA:144,20,0,5
BRF:21
BRH:21
end_of_record
TN:
SF:src/services/tokenService.ts
FN:4,setTokens
FN:14,getAccessToken
FN:18,getRefreshToken
FN:22,getDeviceId
FN:30,getUser
FN:34,clearTokens
FN:41,generateDeviceId
FNF:7
FNH:7
FNDA:1,setTokens
FNDA:2,getAccessToken
FNDA:2,getRefreshToken
FNDA:2,getDeviceId
FNDA:2,getUser
FNDA:1,clearTokens
FNDA:2,generateDeviceId
DA:1,1
DA:3,1
DA:4,1
DA:5,1
DA:6,1
DA:7,1
DA:8,1
DA:9,1
DA:10,1
DA:11,1
DA:12,1
DA:14,1
DA:15,2
DA:16,2
DA:18,1
DA:19,2
DA:20,2
DA:22,1
DA:23,2
DA:24,2
DA:25,1
DA:26,1
DA:27,1
DA:28,2
DA:30,1
DA:31,2
DA:32,2
DA:34,1
DA:35,1
DA:36,1
DA:37,1
DA:38,1
DA:39,1
DA:41,1
DA:42,2
DA:43,2
DA:44,2
DA:45,2
DA:46,1
LF:39
LH:39
BRDA:4,0,0,1
BRDA:14,1,0,2
BRDA:18,2,0,2
BRDA:22,3,0,2
BRDA:24,4,0,1
BRDA:30,5,0,2
BRDA:34,6,0,1
BRDA:41,7,0,2
BRF:8
BRH:8
end_of_record
